[0.009s] Invoking command in '/home/ronit/ros2_ws/IGVC_robotics_club_iitk-main/build/two_wheel_drive': CMAKE_PREFIX_PATH=${CMAKE_PREFIX_PATH}:/opt/ros/foxy /usr/bin/cmake --build /home/ronit/ros2_ws/IGVC_robotics_club_iitk-main/build/two_wheel_drive -- -j4 -l4
[0.037s] -- Found ament_cmake: 0.9.12 (/opt/ros/foxy/share/ament_cmake/cmake)
[0.051s] -- Using PYTHON_EXECUTABLE: /usr/bin/python3
[0.141s] -- Found rclcpp: 2.4.3 (/opt/ros/foxy/share/rclcpp/cmake)
[0.166s] -- Using all available rosidl_typesupport_c: rosidl_typesupport_fastrtps_c;rosidl_typesupport_introspection_c
[0.168s] -- Found rosidl_adapter: 1.3.1 (/opt/ros/foxy/share/rosidl_adapter/cmake)
[0.248s] -- Using all available rosidl_typesupport_cpp: rosidl_typesupport_fastrtps_cpp;rosidl_typesupport_introspection_cpp
[0.280s] -- Found rmw_implementation_cmake: 1.0.4 (/opt/ros/foxy/share/rmw_implementation_cmake/cmake)
[0.281s] -- Using RMW implementation 'rmw_fastrtps_cpp' as default
[0.378s] -- Found geometry_msgs: 2.0.5 (/opt/ros/foxy/share/geometry_msgs/cmake)
[0.400s] -- Found sensor_msgs: 2.0.5 (/opt/ros/foxy/share/sensor_msgs/cmake)
[0.450s] -- Found gazebo_ros: 3.5.3 (/opt/ros/foxy/share/gazebo_ros/cmake)
[0.482s] -- Found DART: /usr/include (Required is at least version "6.6") found components: dart 
[0.502s] -- Found Protobuf: /usr/lib/aarch64-linux-gnu/libprotobuf.so;-lpthread (found version "3.6.1") 
[0.503s] -- Looking for ignition-math6 -- found version 6.15.1
[0.507s] -- Searching for dependencies of ignition-math6
[0.508s] -- Looking for OGRE...
[0.511s] -- Found Ogre Ghadamon (1.9.0)
[0.511s] -- Found OGRE: optimized;/usr/lib/aarch64-linux-gnu/libOgreMain.so;debug;/usr/lib/aarch64-linux-gnu/libOgreMain.so
[0.518s] -- Looking for OGRE_Paging...
[0.518s] -- Found OGRE_Paging: optimized;/usr/lib/aarch64-linux-gnu/libOgrePaging.so;debug;/usr/lib/aarch64-linux-gnu/libOgrePaging.so
[0.518s] -- Looking for OGRE_Terrain...
[0.518s] -- Found OGRE_Terrain: optimized;/usr/lib/aarch64-linux-gnu/libOgreTerrain.so;debug;/usr/lib/aarch64-linux-gnu/libOgreTerrain.so
[0.518s] -- Looking for OGRE_Property...
[0.519s] -- Found OGRE_Property: optimized;/usr/lib/aarch64-linux-gnu/libOgreProperty.so;debug;/usr/lib/aarch64-linux-gnu/libOgreProperty.so
[0.519s] -- Looking for OGRE_RTShaderSystem...
[0.519s] -- Found OGRE_RTShaderSystem: optimized;/usr/lib/aarch64-linux-gnu/libOgreRTShaderSystem.so;debug;/usr/lib/aarch64-linux-gnu/libOgreRTShaderSystem.so
[0.519s] -- Looking for OGRE_Volume...
[0.519s] -- Found OGRE_Volume: optimized;/usr/lib/aarch64-linux-gnu/libOgreVolume.so;debug;/usr/lib/aarch64-linux-gnu/libOgreVolume.so
[0.519s] -- Looking for OGRE_Overlay...
[0.519s] -- Found OGRE_Overlay: optimized;/usr/lib/aarch64-linux-gnu/libOgreOverlay.so;debug;/usr/lib/aarch64-linux-gnu/libOgreOverlay.so
[0.605s] -- Looking for ignition-math6 -- found version 6.15.1
[0.605s] -- Looking for ignition-transport8 -- found version 8.3.0
[0.605s] -- Searching for dependencies of ignition-transport8
[0.618s] -- Found Protobuf: /usr/lib/aarch64-linux-gnu/libprotobuf.so;-lpthread (found suitable version "3.6.1", minimum required is "3") 
[0.626s] -- Config-file not installed for ZeroMQ -- checking for pkg-config
[0.629s] -- Checking for module 'libzmq >= 4'
[0.637s] --   Found libzmq , version 4.3.2
[0.660s] -- Checking for module 'uuid'
[0.667s] --   Found uuid, version 2.34.0
[0.686s] -- Looking for ignition-msgs5 -- found version 5.10.0
[0.686s] -- Searching for dependencies of ignition-msgs5
[0.699s] -- Looking for ignition-math6 -- found version 6.15.1
[0.702s] -- Checking for module 'tinyxml2'
[0.710s] --   Found tinyxml2, version 6.2.0
[0.729s] -- Looking for ignition-msgs5 -- found version 5.10.0
[0.729s] -- Looking for ignition-common3 -- found version 3.14.2
[0.730s] -- Searching for dependencies of ignition-common3
[0.730s] -- Looking for dlfcn.h - found
[0.730s] -- Looking for libdl - found
[0.735s] -- Searching for <ignition-common3> component [graphics]
[0.736s] -- Looking for ignition-common3-graphics -- found version 3.14.2
[0.736s] -- Searching for dependencies of ignition-common3-graphics
[0.736s] -- Looking for ignition-math6 -- found version 6.15.1
[0.737s] -- Looking for ignition-fuel_tools4 -- found version 4.6.0
[0.737s] -- Searching for dependencies of ignition-fuel_tools4
[0.754s] -- Checking for module 'jsoncpp'
[0.761s] --   Found jsoncpp, version 1.7.4
[0.782s] -- Checking for module 'libzip'
[0.789s] --   Found libzip, version 1.5.1
[0.807s] -- Looking for ignition-common3 -- found version 3.14.2
[0.807s] -- Looking for ignition-math6 -- found version 6.15.1
[0.808s] -- Looking for ignition-msgs5 -- found version 5.10.0
[0.809s] -- Gazebo version: 11.11
[0.812s] -- Found robot_state_publisher: 2.4.5 (/opt/ros/foxy/share/robot_state_publisher/cmake)
[0.813s] -- Found eigen3_cmake_module: 0.1.1 (/opt/ros/foxy/share/eigen3_cmake_module/cmake)
[1.080s] -- Found ament_lint_auto: 0.9.8 (/opt/ros/foxy/share/ament_lint_auto/cmake)
[1.114s] -- Added test 'copyright' to check source files copyright and LICENSE
[1.115s] -- Added test 'flake8' to check Python code syntax and style conventions
[1.116s] -- Added test 'lint_cmake' to check CMake code style
[1.116s] -- Added test 'pep257' to check Python code against some of the style conventions in PEP 257
[1.116s] -- Added test 'xmllint' to check XML markup files
[1.119s] -- Configuring done
[1.121s] -- Generating done
[1.124s] -- Build files have been written to: /home/ronit/ros2_ws/IGVC_robotics_club_iitk-main/build/two_wheel_drive
[1.139s] Invoked command in '/home/ronit/ros2_ws/IGVC_robotics_club_iitk-main/build/two_wheel_drive' returned '0': CMAKE_PREFIX_PATH=${CMAKE_PREFIX_PATH}:/opt/ros/foxy /usr/bin/cmake --build /home/ronit/ros2_ws/IGVC_robotics_club_iitk-main/build/two_wheel_drive -- -j4 -l4
[1.146s] Invoking command in '/home/ronit/ros2_ws/IGVC_robotics_club_iitk-main/build/two_wheel_drive': CMAKE_PREFIX_PATH=${CMAKE_PREFIX_PATH}:/opt/ros/foxy /usr/bin/cmake --install /home/ronit/ros2_ws/IGVC_robotics_club_iitk-main/build/two_wheel_drive
[1.150s] -- Install configuration: ""
[1.150s] -- Up-to-date: /home/ronit/ros2_ws/IGVC_robotics_club_iitk-main/install/two_wheel_drive/share/two_wheel_drive/launch
[1.151s] -- Installing: /home/ronit/ros2_ws/IGVC_robotics_club_iitk-main/install/two_wheel_drive/share/two_wheel_drive/launch/robot.launch.py
[1.151s] -- Up-to-date: /home/ronit/ros2_ws/IGVC_robotics_club_iitk-main/install/two_wheel_drive/share/two_wheel_drive/launch/.vscode
[1.151s] -- Installing: /home/ronit/ros2_ws/IGVC_robotics_club_iitk-main/install/two_wheel_drive/share/two_wheel_drive/launch/.vscode/settings.json
[1.151s] -- Installing: /home/ronit/ros2_ws/IGVC_robotics_club_iitk-main/install/two_wheel_drive/share/two_wheel_drive/launch/.vscode/c_cpp_properties.json
[1.151s] -- Up-to-date: /home/ronit/ros2_ws/IGVC_robotics_club_iitk-main/install/two_wheel_drive/share/two_wheel_drive/urdf
[1.151s] -- Installing: /home/ronit/ros2_ws/IGVC_robotics_club_iitk-main/install/two_wheel_drive/share/two_wheel_drive/urdf/robot.urdf
[1.151s] -- Up-to-date: /home/ronit/ros2_ws/IGVC_robotics_club_iitk-main/install/two_wheel_drive/share/ament_index/resource_index/package_run_dependencies/two_wheel_drive
[1.151s] -- Up-to-date: /home/ronit/ros2_ws/IGVC_robotics_club_iitk-main/install/two_wheel_drive/share/ament_index/resource_index/parent_prefix_path/two_wheel_drive
[1.151s] -- Up-to-date: /home/ronit/ros2_ws/IGVC_robotics_club_iitk-main/install/two_wheel_drive/share/two_wheel_drive/environment/ament_prefix_path.sh
[1.151s] -- Installing: /home/ronit/ros2_ws/IGVC_robotics_club_iitk-main/install/two_wheel_drive/share/two_wheel_drive/environment/ament_prefix_path.dsv
[1.151s] -- Up-to-date: /home/ronit/ros2_ws/IGVC_robotics_club_iitk-main/install/two_wheel_drive/share/two_wheel_drive/environment/path.sh
[1.151s] -- Installing: /home/ronit/ros2_ws/IGVC_robotics_club_iitk-main/install/two_wheel_drive/share/two_wheel_drive/environment/path.dsv
[1.151s] -- Up-to-date: /home/ronit/ros2_ws/IGVC_robotics_club_iitk-main/install/two_wheel_drive/share/two_wheel_drive/local_setup.bash
[1.151s] -- Up-to-date: /home/ronit/ros2_ws/IGVC_robotics_club_iitk-main/install/two_wheel_drive/share/two_wheel_drive/local_setup.sh
[1.152s] -- Up-to-date: /home/ronit/ros2_ws/IGVC_robotics_club_iitk-main/install/two_wheel_drive/share/two_wheel_drive/local_setup.zsh
[1.152s] -- Installing: /home/ronit/ros2_ws/IGVC_robotics_club_iitk-main/install/two_wheel_drive/share/two_wheel_drive/local_setup.dsv
[1.152s] -- Installing: /home/ronit/ros2_ws/IGVC_robotics_club_iitk-main/install/two_wheel_drive/share/two_wheel_drive/package.dsv
[1.152s] -- Up-to-date: /home/ronit/ros2_ws/IGVC_robotics_club_iitk-main/install/two_wheel_drive/share/ament_index/resource_index/packages/two_wheel_drive
[1.152s] -- Up-to-date: /home/ronit/ros2_ws/IGVC_robotics_club_iitk-main/install/two_wheel_drive/share/two_wheel_drive/cmake/two_wheel_driveConfig.cmake
[1.152s] -- Up-to-date: /home/ronit/ros2_ws/IGVC_robotics_club_iitk-main/install/two_wheel_drive/share/two_wheel_drive/cmake/two_wheel_driveConfig-version.cmake
[1.152s] -- Installing: /home/ronit/ros2_ws/IGVC_robotics_club_iitk-main/install/two_wheel_drive/share/two_wheel_drive/package.xml
[1.153s] Invoked command in '/home/ronit/ros2_ws/IGVC_robotics_club_iitk-main/build/two_wheel_drive' returned '0': CMAKE_PREFIX_PATH=${CMAKE_PREFIX_PATH}:/opt/ros/foxy /usr/bin/cmake --install /home/ronit/ros2_ws/IGVC_robotics_club_iitk-main/build/two_wheel_drive
