-- Install configuration: ""
-- Up-to-date: /home/ronit/ros2_ws/IGVC_robotics_club_iitk-main/install/two_wheel_drive/share/two_wheel_drive/launch
-- Up-to-date: /home/ronit/ros2_ws/IGVC_robotics_club_iitk-main/install/two_wheel_drive/share/two_wheel_drive/launch/robot.launch.py
-- Up-to-date: /home/ronit/ros2_ws/IGVC_robotics_club_iitk-main/install/two_wheel_drive/share/two_wheel_drive/launch/.vscode
-- Up-to-date: /home/ronit/ros2_ws/IGVC_robotics_club_iitk-main/install/two_wheel_drive/share/two_wheel_drive/launch/.vscode/settings.json
-- Up-to-date: /home/ronit/ros2_ws/IGVC_robotics_club_iitk-main/install/two_wheel_drive/share/two_wheel_drive/launch/.vscode/c_cpp_properties.json
-- Up-to-date: /home/ronit/ros2_ws/IGVC_robotics_club_iitk-main/install/two_wheel_drive/share/two_wheel_drive/launch/cartographer.launch.py
-- Up-to-date: /home/ronit/ros2_ws/IGVC_robotics_club_iitk-main/install/two_wheel_drive/share/two_wheel_drive/launch/robot.launch (copy).py
-- Up-to-date: /home/ronit/ros2_ws/IGVC_robotics_club_iitk-main/install/two_wheel_drive/share/two_wheel_drive/config
-- Up-to-date: /home/ronit/ros2_ws/IGVC_robotics_club_iitk-main/install/two_wheel_drive/share/two_wheel_drive/config/cartographer_2d.lua
-- Up-to-date: /home/ronit/ros2_ws/IGVC_robotics_club_iitk-main/install/two_wheel_drive/share/two_wheel_drive/worlds
-- Up-to-date: /home/ronit/ros2_ws/IGVC_robotics_club_iitk-main/install/two_wheel_drive/share/two_wheel_drive/worlds/test
-- Up-to-date: /home/ronit/ros2_ws/IGVC_robotics_club_iitk-main/install/two_wheel_drive/share/two_wheel_drive/worlds/test/simple.world
-- Up-to-date: /home/ronit/ros2_ws/IGVC_robotics_club_iitk-main/install/two_wheel_drive/share/two_wheel_drive/urdf
-- Up-to-date: /home/ronit/ros2_ws/IGVC_robotics_club_iitk-main/install/two_wheel_drive/share/two_wheel_drive/urdf/gazebo.material
-- Up-to-date: /home/ronit/ros2_ws/IGVC_robotics_club_iitk-main/install/two_wheel_drive/share/two_wheel_drive/urdf/models
-- Up-to-date: /home/ronit/ros2_ws/IGVC_robotics_club_iitk-main/install/two_wheel_drive/share/two_wheel_drive/urdf/models/construction_barrel
-- Up-to-date: /home/ronit/ros2_ws/IGVC_robotics_club_iitk-main/install/two_wheel_drive/share/two_wheel_drive/urdf/models/construction_barrel/model.config
-- Up-to-date: /home/ronit/ros2_ws/IGVC_robotics_club_iitk-main/install/two_wheel_drive/share/two_wheel_drive/urdf/models/construction_barrel/model.sdf
-- Up-to-date: /home/ronit/ros2_ws/IGVC_robotics_club_iitk-main/install/two_wheel_drive/share/two_wheel_drive/urdf/models/construction_barrel/model-1_2.sdf
-- Up-to-date: /home/ronit/ros2_ws/IGVC_robotics_club_iitk-main/install/two_wheel_drive/share/two_wheel_drive/urdf/models/construction_barrel/model-1_4.sdf
-- Up-to-date: /home/ronit/ros2_ws/IGVC_robotics_club_iitk-main/install/two_wheel_drive/share/two_wheel_drive/urdf/models/barrel
-- Up-to-date: /home/ronit/ros2_ws/IGVC_robotics_club_iitk-main/install/two_wheel_drive/share/two_wheel_drive/urdf/models/barrel/meshes
-- Up-to-date: /home/ronit/ros2_ws/IGVC_robotics_club_iitk-main/install/two_wheel_drive/share/two_wheel_drive/urdf/models/barrel/meshes/Barrel.png
-- Up-to-date: /home/ronit/ros2_ws/IGVC_robotics_club_iitk-main/install/two_wheel_drive/share/two_wheel_drive/urdf/models/barrel/meshes/barrel.dae
-- Up-to-date: /home/ronit/ros2_ws/IGVC_robotics_club_iitk-main/install/two_wheel_drive/share/two_wheel_drive/urdf/models/barrel/model.config
-- Up-to-date: /home/ronit/ros2_ws/IGVC_robotics_club_iitk-main/install/two_wheel_drive/share/two_wheel_drive/urdf/models/barrel/model.sdf
-- Up-to-date: /home/ronit/ros2_ws/IGVC_robotics_club_iitk-main/install/two_wheel_drive/share/two_wheel_drive/urdf/models/ramp
-- Up-to-date: /home/ronit/ros2_ws/IGVC_robotics_club_iitk-main/install/two_wheel_drive/share/two_wheel_drive/urdf/models/ramp/meshes
-- Up-to-date: /home/ronit/ros2_ws/IGVC_robotics_club_iitk-main/install/two_wheel_drive/share/two_wheel_drive/urdf/models/ramp/meshes/RampTexture.png
-- Up-to-date: /home/ronit/ros2_ws/IGVC_robotics_club_iitk-main/install/two_wheel_drive/share/two_wheel_drive/urdf/models/ramp/meshes/ramp.dae
-- Up-to-date: /home/ronit/ros2_ws/IGVC_robotics_club_iitk-main/install/two_wheel_drive/share/two_wheel_drive/urdf/models/ramp/model.config
-- Up-to-date: /home/ronit/ros2_ws/IGVC_robotics_club_iitk-main/install/two_wheel_drive/share/two_wheel_drive/urdf/models/ramp/model.sdf
-- Up-to-date: /home/ronit/ros2_ws/IGVC_robotics_club_iitk-main/install/two_wheel_drive/share/two_wheel_drive/urdf/models/grass_plane
-- Up-to-date: /home/ronit/ros2_ws/IGVC_robotics_club_iitk-main/install/two_wheel_drive/share/two_wheel_drive/urdf/models/grass_plane/model.config
-- Up-to-date: /home/ronit/ros2_ws/IGVC_robotics_club_iitk-main/install/two_wheel_drive/share/two_wheel_drive/urdf/models/grass_plane/model.sdf
-- Up-to-date: /home/ronit/ros2_ws/IGVC_robotics_club_iitk-main/install/two_wheel_drive/share/two_wheel_drive/urdf/models/grass_plane/model-1_2.sdf
-- Up-to-date: /home/ronit/ros2_ws/IGVC_robotics_club_iitk-main/install/two_wheel_drive/share/two_wheel_drive/urdf/models/grass_plane/model-1_4.sdf
-- Up-to-date: /home/ronit/ros2_ws/IGVC_robotics_club_iitk-main/install/two_wheel_drive/share/two_wheel_drive/urdf/models/sun
-- Up-to-date: /home/ronit/ros2_ws/IGVC_robotics_club_iitk-main/install/two_wheel_drive/share/two_wheel_drive/urdf/models/sun/model.config
-- Up-to-date: /home/ronit/ros2_ws/IGVC_robotics_club_iitk-main/install/two_wheel_drive/share/two_wheel_drive/urdf/models/sun/model.sdf
-- Up-to-date: /home/ronit/ros2_ws/IGVC_robotics_club_iitk-main/install/two_wheel_drive/share/two_wheel_drive/urdf/models/autonav
-- Up-to-date: /home/ronit/ros2_ws/IGVC_robotics_club_iitk-main/install/two_wheel_drive/share/two_wheel_drive/urdf/models/autonav/model.config
-- Up-to-date: /home/ronit/ros2_ws/IGVC_robotics_club_iitk-main/install/two_wheel_drive/share/two_wheel_drive/urdf/models/autonav/model.sdf
-- Up-to-date: /home/ronit/ros2_ws/IGVC_robotics_club_iitk-main/install/two_wheel_drive/share/two_wheel_drive/urdf/models/qualification
-- Up-to-date: /home/ronit/ros2_ws/IGVC_robotics_club_iitk-main/install/two_wheel_drive/share/two_wheel_drive/urdf/models/qualification/model.config
-- Up-to-date: /home/ronit/ros2_ws/IGVC_robotics_club_iitk-main/install/two_wheel_drive/share/two_wheel_drive/urdf/models/qualification/model.sdf
-- Up-to-date: /home/ronit/ros2_ws/IGVC_robotics_club_iitk-main/install/two_wheel_drive/share/two_wheel_drive/urdf/models/autonav_mesh
-- Up-to-date: /home/ronit/ros2_ws/IGVC_robotics_club_iitk-main/install/two_wheel_drive/share/two_wheel_drive/urdf/models/autonav_mesh/meshes
-- Up-to-date: /home/ronit/ros2_ws/IGVC_robotics_club_iitk-main/install/two_wheel_drive/share/two_wheel_drive/urdf/models/autonav_mesh/meshes/autonav_world.dae
-- Up-to-date: /home/ronit/ros2_ws/IGVC_robotics_club_iitk-main/install/two_wheel_drive/share/two_wheel_drive/urdf/models/autonav_mesh/model.config
-- Up-to-date: /home/ronit/ros2_ws/IGVC_robotics_club_iitk-main/install/two_wheel_drive/share/two_wheel_drive/urdf/models/autonav_mesh/model.sdf
-- Up-to-date: /home/ronit/ros2_ws/IGVC_robotics_club_iitk-main/install/two_wheel_drive/share/two_wheel_drive/urdf/models/barrels_low
-- Up-to-date: /home/ronit/ros2_ws/IGVC_robotics_club_iitk-main/install/two_wheel_drive/share/two_wheel_drive/urdf/models/barrels_low/meshes
-- Up-to-date: /home/ronit/ros2_ws/IGVC_robotics_club_iitk-main/install/two_wheel_drive/share/two_wheel_drive/urdf/models/barrels_low/meshes/Barrel.png
-- Up-to-date: /home/ronit/ros2_ws/IGVC_robotics_club_iitk-main/install/two_wheel_drive/share/two_wheel_drive/urdf/models/barrels_low/meshes/barrel.dae
-- Up-to-date: /home/ronit/ros2_ws/IGVC_robotics_club_iitk-main/install/two_wheel_drive/share/two_wheel_drive/urdf/models/barrels_low/model.config
-- Up-to-date: /home/ronit/ros2_ws/IGVC_robotics_club_iitk-main/install/two_wheel_drive/share/two_wheel_drive/urdf/models/barrels_low/model.sdf
-- Up-to-date: /home/ronit/ros2_ws/IGVC_robotics_club_iitk-main/install/two_wheel_drive/share/two_wheel_drive/urdf/models/ramp_lane
-- Up-to-date: /home/ronit/ros2_ws/IGVC_robotics_club_iitk-main/install/two_wheel_drive/share/two_wheel_drive/urdf/models/ramp_lane/model.config
-- Up-to-date: /home/ronit/ros2_ws/IGVC_robotics_club_iitk-main/install/two_wheel_drive/share/two_wheel_drive/urdf/models/ramp_lane/model.sdf
-- Up-to-date: /home/ronit/ros2_ws/IGVC_robotics_club_iitk-main/install/two_wheel_drive/share/two_wheel_drive/urdf/meshes
-- Up-to-date: /home/ronit/ros2_ws/IGVC_robotics_club_iitk-main/install/two_wheel_drive/share/two_wheel_drive/urdf/meshes/Wheel.dae
-- Up-to-date: /home/ronit/ros2_ws/IGVC_robotics_club_iitk-main/install/two_wheel_drive/share/two_wheel_drive/urdf/meshes/swervi_chassis.dae
-- Up-to-date: /home/ronit/ros2_ws/IGVC_robotics_club_iitk-main/install/two_wheel_drive/share/two_wheel_drive/urdf/meshes/swervi_tire.dae
-- Up-to-date: /home/ronit/ros2_ws/IGVC_robotics_club_iitk-main/install/two_wheel_drive/share/two_wheel_drive/urdf/meshes/Sphere.dae
-- Up-to-date: /home/ronit/ros2_ws/IGVC_robotics_club_iitk-main/install/two_wheel_drive/share/two_wheel_drive/urdf/textures
-- Up-to-date: /home/ronit/ros2_ws/IGVC_robotics_club_iitk-main/install/two_wheel_drive/share/two_wheel_drive/urdf/textures/autonav_course.png
-- Up-to-date: /home/ronit/ros2_ws/IGVC_robotics_club_iitk-main/install/two_wheel_drive/share/two_wheel_drive/urdf/textures/qualification_course.png
-- Up-to-date: /home/ronit/ros2_ws/IGVC_robotics_club_iitk-main/install/two_wheel_drive/share/two_wheel_drive/urdf/textures/ground_grass_texture.jpg
-- Up-to-date: /home/ronit/ros2_ws/IGVC_robotics_club_iitk-main/install/two_wheel_drive/share/two_wheel_drive/urdf/robot.urdf
-- Up-to-date: /home/ronit/ros2_ws/IGVC_robotics_club_iitk-main/install/two_wheel_drive/share/two_wheel_drive/urdf/worlds
-- Up-to-date: /home/ronit/ros2_ws/IGVC_robotics_club_iitk-main/install/two_wheel_drive/share/two_wheel_drive/urdf/worlds/qualification.world
-- Up-to-date: /home/ronit/ros2_ws/IGVC_robotics_club_iitk-main/install/two_wheel_drive/share/two_wheel_drive/urdf/worlds/qual_low.world
-- Up-to-date: /home/ronit/ros2_ws/IGVC_robotics_club_iitk-main/install/two_wheel_drive/share/two_wheel_drive/urdf/worlds/autonav_mesh.world
-- Up-to-date: /home/ronit/ros2_ws/IGVC_robotics_club_iitk-main/install/two_wheel_drive/share/two_wheel_drive/urdf/worlds/ramp_lane.world
-- Up-to-date: /home/ronit/ros2_ws/IGVC_robotics_club_iitk-main/install/two_wheel_drive/share/two_wheel_drive/urdf/worlds/autonav_low.world
-- Up-to-date: /home/ronit/ros2_ws/IGVC_robotics_club_iitk-main/install/two_wheel_drive/share/two_wheel_drive/urdf/worlds/autonav.world
-- Up-to-date: /home/ronit/ros2_ws/IGVC_robotics_club_iitk-main/install/two_wheel_drive/share/two_wheel_drive/meshes
-- Up-to-date: /home/ronit/ros2_ws/IGVC_robotics_club_iitk-main/install/two_wheel_drive/share/two_wheel_drive/meshes/Wheel.dae
-- Up-to-date: /home/ronit/ros2_ws/IGVC_robotics_club_iitk-main/install/two_wheel_drive/share/two_wheel_drive/meshes/swervi_chassis.dae
-- Up-to-date: /home/ronit/ros2_ws/IGVC_robotics_club_iitk-main/install/two_wheel_drive/share/two_wheel_drive/meshes/swervi_tire.dae
-- Up-to-date: /home/ronit/ros2_ws/IGVC_robotics_club_iitk-main/install/two_wheel_drive/share/two_wheel_drive/meshes/Sphere.dae
-- Up-to-date: /home/ronit/ros2_ws/IGVC_robotics_club_iitk-main/install/two_wheel_drive/share/two_wheel_drive/models
-- Up-to-date: /home/ronit/ros2_ws/IGVC_robotics_club_iitk-main/install/two_wheel_drive/share/two_wheel_drive/models/construction_barrel
-- Up-to-date: /home/ronit/ros2_ws/IGVC_robotics_club_iitk-main/install/two_wheel_drive/share/two_wheel_drive/models/construction_barrel/model.config
-- Up-to-date: /home/ronit/ros2_ws/IGVC_robotics_club_iitk-main/install/two_wheel_drive/share/two_wheel_drive/models/construction_barrel/model.sdf
-- Up-to-date: /home/ronit/ros2_ws/IGVC_robotics_club_iitk-main/install/two_wheel_drive/share/two_wheel_drive/models/construction_barrel/model-1_2.sdf
-- Up-to-date: /home/ronit/ros2_ws/IGVC_robotics_club_iitk-main/install/two_wheel_drive/share/two_wheel_drive/models/construction_barrel/model-1_4.sdf
-- Up-to-date: /home/ronit/ros2_ws/IGVC_robotics_club_iitk-main/install/two_wheel_drive/share/two_wheel_drive/models/barrel
-- Up-to-date: /home/ronit/ros2_ws/IGVC_robotics_club_iitk-main/install/two_wheel_drive/share/two_wheel_drive/models/barrel/meshes
-- Up-to-date: /home/ronit/ros2_ws/IGVC_robotics_club_iitk-main/install/two_wheel_drive/share/two_wheel_drive/models/barrel/meshes/Barrel.png
-- Up-to-date: /home/ronit/ros2_ws/IGVC_robotics_club_iitk-main/install/two_wheel_drive/share/two_wheel_drive/models/barrel/meshes/barrel.dae
-- Up-to-date: /home/ronit/ros2_ws/IGVC_robotics_club_iitk-main/install/two_wheel_drive/share/two_wheel_drive/models/barrel/model.config
-- Up-to-date: /home/ronit/ros2_ws/IGVC_robotics_club_iitk-main/install/two_wheel_drive/share/two_wheel_drive/models/barrel/model.sdf
-- Up-to-date: /home/ronit/ros2_ws/IGVC_robotics_club_iitk-main/install/two_wheel_drive/share/two_wheel_drive/models/ramp
-- Up-to-date: /home/ronit/ros2_ws/IGVC_robotics_club_iitk-main/install/two_wheel_drive/share/two_wheel_drive/models/ramp/meshes
-- Up-to-date: /home/ronit/ros2_ws/IGVC_robotics_club_iitk-main/install/two_wheel_drive/share/two_wheel_drive/models/ramp/meshes/RampTexture.png
-- Up-to-date: /home/ronit/ros2_ws/IGVC_robotics_club_iitk-main/install/two_wheel_drive/share/two_wheel_drive/models/ramp/meshes/ramp.dae
-- Up-to-date: /home/ronit/ros2_ws/IGVC_robotics_club_iitk-main/install/two_wheel_drive/share/two_wheel_drive/models/ramp/model.config
-- Up-to-date: /home/ronit/ros2_ws/IGVC_robotics_club_iitk-main/install/two_wheel_drive/share/two_wheel_drive/models/ramp/model.sdf
-- Up-to-date: /home/ronit/ros2_ws/IGVC_robotics_club_iitk-main/install/two_wheel_drive/share/two_wheel_drive/models/grass_plane
-- Up-to-date: /home/ronit/ros2_ws/IGVC_robotics_club_iitk-main/install/two_wheel_drive/share/two_wheel_drive/models/grass_plane/model.config
-- Up-to-date: /home/ronit/ros2_ws/IGVC_robotics_club_iitk-main/install/two_wheel_drive/share/two_wheel_drive/models/grass_plane/model.sdf
-- Up-to-date: /home/ronit/ros2_ws/IGVC_robotics_club_iitk-main/install/two_wheel_drive/share/two_wheel_drive/models/grass_plane/model-1_2.sdf
-- Up-to-date: /home/ronit/ros2_ws/IGVC_robotics_club_iitk-main/install/two_wheel_drive/share/two_wheel_drive/models/grass_plane/model-1_4.sdf
-- Up-to-date: /home/ronit/ros2_ws/IGVC_robotics_club_iitk-main/install/two_wheel_drive/share/two_wheel_drive/models/sun
-- Up-to-date: /home/ronit/ros2_ws/IGVC_robotics_club_iitk-main/install/two_wheel_drive/share/two_wheel_drive/models/sun/model.config
-- Up-to-date: /home/ronit/ros2_ws/IGVC_robotics_club_iitk-main/install/two_wheel_drive/share/two_wheel_drive/models/sun/model.sdf
-- Up-to-date: /home/ronit/ros2_ws/IGVC_robotics_club_iitk-main/install/two_wheel_drive/share/two_wheel_drive/models/autonav
-- Up-to-date: /home/ronit/ros2_ws/IGVC_robotics_club_iitk-main/install/two_wheel_drive/share/two_wheel_drive/models/autonav/model.config
-- Up-to-date: /home/ronit/ros2_ws/IGVC_robotics_club_iitk-main/install/two_wheel_drive/share/two_wheel_drive/models/autonav/model.sdf
-- Up-to-date: /home/ronit/ros2_ws/IGVC_robotics_club_iitk-main/install/two_wheel_drive/share/two_wheel_drive/models/qualification
-- Up-to-date: /home/ronit/ros2_ws/IGVC_robotics_club_iitk-main/install/two_wheel_drive/share/two_wheel_drive/models/qualification/model.config
-- Up-to-date: /home/ronit/ros2_ws/IGVC_robotics_club_iitk-main/install/two_wheel_drive/share/two_wheel_drive/models/qualification/model.sdf
-- Up-to-date: /home/ronit/ros2_ws/IGVC_robotics_club_iitk-main/install/two_wheel_drive/share/two_wheel_drive/models/autonav_mesh
-- Up-to-date: /home/ronit/ros2_ws/IGVC_robotics_club_iitk-main/install/two_wheel_drive/share/two_wheel_drive/models/autonav_mesh/meshes
-- Up-to-date: /home/ronit/ros2_ws/IGVC_robotics_club_iitk-main/install/two_wheel_drive/share/two_wheel_drive/models/autonav_mesh/meshes/autonav_world.dae
-- Up-to-date: /home/ronit/ros2_ws/IGVC_robotics_club_iitk-main/install/two_wheel_drive/share/two_wheel_drive/models/autonav_mesh/model.config
-- Up-to-date: /home/ronit/ros2_ws/IGVC_robotics_club_iitk-main/install/two_wheel_drive/share/two_wheel_drive/models/autonav_mesh/model.sdf
-- Up-to-date: /home/ronit/ros2_ws/IGVC_robotics_club_iitk-main/install/two_wheel_drive/share/two_wheel_drive/models/barrels_low
-- Up-to-date: /home/ronit/ros2_ws/IGVC_robotics_club_iitk-main/install/two_wheel_drive/share/two_wheel_drive/models/barrels_low/meshes
-- Up-to-date: /home/ronit/ros2_ws/IGVC_robotics_club_iitk-main/install/two_wheel_drive/share/two_wheel_drive/models/barrels_low/meshes/Barrel.png
-- Up-to-date: /home/ronit/ros2_ws/IGVC_robotics_club_iitk-main/install/two_wheel_drive/share/two_wheel_drive/models/barrels_low/meshes/barrel.dae
-- Up-to-date: /home/ronit/ros2_ws/IGVC_robotics_club_iitk-main/install/two_wheel_drive/share/two_wheel_drive/models/barrels_low/model.config
-- Up-to-date: /home/ronit/ros2_ws/IGVC_robotics_club_iitk-main/install/two_wheel_drive/share/two_wheel_drive/models/barrels_low/model.sdf
-- Up-to-date: /home/ronit/ros2_ws/IGVC_robotics_club_iitk-main/install/two_wheel_drive/share/two_wheel_drive/models/ramp_lane
-- Up-to-date: /home/ronit/ros2_ws/IGVC_robotics_club_iitk-main/install/two_wheel_drive/share/two_wheel_drive/models/ramp_lane/model.config
-- Up-to-date: /home/ronit/ros2_ws/IGVC_robotics_club_iitk-main/install/two_wheel_drive/share/two_wheel_drive/models/ramp_lane/model.sdf
-- Up-to-date: /home/ronit/ros2_ws/IGVC_robotics_club_iitk-main/install/two_wheel_drive/share/two_wheel_drive/textures
-- Up-to-date: /home/ronit/ros2_ws/IGVC_robotics_club_iitk-main/install/two_wheel_drive/share/two_wheel_drive/textures/autonav_course.png
-- Up-to-date: /home/ronit/ros2_ws/IGVC_robotics_club_iitk-main/install/two_wheel_drive/share/two_wheel_drive/textures/qualification_course.png
-- Up-to-date: /home/ronit/ros2_ws/IGVC_robotics_club_iitk-main/install/two_wheel_drive/share/two_wheel_drive/textures/ground_grass_texture.jpg
-- Up-to-date: /home/ronit/ros2_ws/IGVC_robotics_club_iitk-main/install/two_wheel_drive/share/two_wheel_drive/worlds
-- Up-to-date: /home/ronit/ros2_ws/IGVC_robotics_club_iitk-main/install/two_wheel_drive/share/two_wheel_drive/worlds/qualification.world
-- Up-to-date: /home/ronit/ros2_ws/IGVC_robotics_club_iitk-main/install/two_wheel_drive/share/two_wheel_drive/worlds/qual_low.world
-- Up-to-date: /home/ronit/ros2_ws/IGVC_robotics_club_iitk-main/install/two_wheel_drive/share/two_wheel_drive/worlds/autonav_mesh.world
-- Up-to-date: /home/ronit/ros2_ws/IGVC_robotics_club_iitk-main/install/two_wheel_drive/share/two_wheel_drive/worlds/ramp_lane.world
-- Up-to-date: /home/ronit/ros2_ws/IGVC_robotics_club_iitk-main/install/two_wheel_drive/share/two_wheel_drive/worlds/autonav_low.world
-- Up-to-date: /home/ronit/ros2_ws/IGVC_robotics_club_iitk-main/install/two_wheel_drive/share/two_wheel_drive/worlds/autonav.world
-- Up-to-date: /home/ronit/ros2_ws/IGVC_robotics_club_iitk-main/install/two_wheel_drive/share/two_wheel_drive/test
-- Up-to-date: /home/ronit/ros2_ws/IGVC_robotics_club_iitk-main/install/two_wheel_drive/share/two_wheel_drive/test/simple.world
-- Up-to-date: /home/ronit/ros2_ws/IGVC_robotics_club_iitk-main/install/two_wheel_drive/share/ament_index/resource_index/package_run_dependencies/two_wheel_drive
-- Up-to-date: /home/ronit/ros2_ws/IGVC_robotics_club_iitk-main/install/two_wheel_drive/share/ament_index/resource_index/parent_prefix_path/two_wheel_drive
-- Up-to-date: /home/ronit/ros2_ws/IGVC_robotics_club_iitk-main/install/two_wheel_drive/share/two_wheel_drive/environment/ament_prefix_path.sh
-- Up-to-date: /home/ronit/ros2_ws/IGVC_robotics_club_iitk-main/install/two_wheel_drive/share/two_wheel_drive/environment/ament_prefix_path.dsv
-- Up-to-date: /home/ronit/ros2_ws/IGVC_robotics_club_iitk-main/install/two_wheel_drive/share/two_wheel_drive/environment/path.sh
-- Up-to-date: /home/ronit/ros2_ws/IGVC_robotics_club_iitk-main/install/two_wheel_drive/share/two_wheel_drive/environment/path.dsv
-- Up-to-date: /home/ronit/ros2_ws/IGVC_robotics_club_iitk-main/install/two_wheel_drive/share/two_wheel_drive/local_setup.bash
-- Up-to-date: /home/ronit/ros2_ws/IGVC_robotics_club_iitk-main/install/two_wheel_drive/share/two_wheel_drive/local_setup.sh
-- Up-to-date: /home/ronit/ros2_ws/IGVC_robotics_club_iitk-main/install/two_wheel_drive/share/two_wheel_drive/local_setup.zsh
-- Up-to-date: /home/ronit/ros2_ws/IGVC_robotics_club_iitk-main/install/two_wheel_drive/share/two_wheel_drive/local_setup.dsv
-- Installing: /home/ronit/ros2_ws/IGVC_robotics_club_iitk-main/install/two_wheel_drive/share/two_wheel_drive/package.dsv
-- Up-to-date: /home/ronit/ros2_ws/IGVC_robotics_club_iitk-main/install/two_wheel_drive/share/ament_index/resource_index/packages/two_wheel_drive
-- Up-to-date: /home/ronit/ros2_ws/IGVC_robotics_club_iitk-main/install/two_wheel_drive/share/two_wheel_drive/cmake/two_wheel_driveConfig.cmake
-- Up-to-date: /home/ronit/ros2_ws/IGVC_robotics_club_iitk-main/install/two_wheel_drive/share/two_wheel_drive/cmake/two_wheel_driveConfig-version.cmake
-- Up-to-date: /home/ronit/ros2_ws/IGVC_robotics_club_iitk-main/install/two_wheel_drive/share/two_wheel_drive/package.xml
