[0.109s] DEBUG:colcon:Command line arguments: ['/usr/bin/colcon', 'build']
[0.109s] DEBUG:colcon:Parsed command line arguments: Namespace(allow_overriding=[], ament_cmake_args=None, base_paths=['.'], build_base='build', catkin_cmake_args=None, catkin_skip_building_tests=False, cmake_args=None, cmake_clean_cache=False, cmake_clean_first=False, cmake_force_configure=False, cmake_target=None, cmake_target_skip_unavailable=False, continue_on_error=False, event_handlers=None, executor='parallel', ignore_user_meta=False, install_base='install', log_base=None, log_level=None, main=<bound method BuildVerb.main of <colcon_core.verb.build.BuildVerb object at 0xffff87f2cee0>>, merge_install=False, metas=['./colcon.meta'], mixin=None, mixin_files=None, mixin_verb=('build',), packages_above=None, packages_above_and_dependencies=None, packages_above_depth=None, packages_end=None, packages_ignore=None, packages_ignore_regex=None, packages_select=None, packages_select_build_failed=False, packages_select_by_dep=None, packages_select_regex=None, packages_select_test_failures=False, packages_skip=None, packages_skip_build_finished=False, packages_skip_by_dep=None, packages_skip_regex=None, packages_skip_test_passed=False, packages_skip_up_to=None, packages_start=None, packages_up_to=None, packages_up_to_regex=None, parallel_workers=4, paths=None, symlink_install=False, test_result_base=None, verb_extension=<colcon_core.verb.build.BuildVerb object at 0xffff87f2cee0>, verb_name='build', verb_parser=<colcon_mixin.mixin.mixin_argument.MixinArgumentDecorator object at 0xffff87f3b580>)
[0.180s] Level 1:colcon.colcon_core.package_discovery:discover_packages(colcon_meta) check parameters
[0.180s] Level 1:colcon.colcon_core.package_discovery:discover_packages(recursive) check parameters
[0.180s] Level 1:colcon.colcon_core.package_discovery:discover_packages(ignore) check parameters
[0.180s] Level 1:colcon.colcon_core.package_discovery:discover_packages(path) check parameters
[0.180s] Level 1:colcon.colcon_core.package_discovery:discover_packages(colcon_meta) discover
[0.180s] Level 1:colcon.colcon_core.package_discovery:discover_packages(recursive) discover
[0.180s] INFO:colcon.colcon_core.package_discovery:Crawling recursively for packages in '/home/ronit/ros2_ws/IGVC_robotics_club_iitk-main'
[0.180s] Level 1:colcon.colcon_core.package_identification:_identify(.) by extensions ['ignore', 'ignore_ament_install']
[0.180s] Level 1:colcon.colcon_core.package_identification:_identify(.) by extension 'ignore'
[0.180s] Level 1:colcon.colcon_core.package_identification:_identify(.) by extension 'ignore_ament_install'
[0.180s] Level 1:colcon.colcon_core.package_identification:_identify(.) by extensions ['colcon_pkg']
[0.180s] Level 1:colcon.colcon_core.package_identification:_identify(.) by extension 'colcon_pkg'
[0.180s] Level 1:colcon.colcon_core.package_identification:_identify(.) by extensions ['colcon_meta']
[0.180s] Level 1:colcon.colcon_core.package_identification:_identify(.) by extension 'colcon_meta'
[0.180s] Level 1:colcon.colcon_core.package_identification:_identify(.) by extensions ['ros']
[0.180s] Level 1:colcon.colcon_core.package_identification:_identify(.) by extension 'ros'
[0.186s] Level 1:colcon.colcon_core.package_identification:_identify(.) by extensions ['cmake', 'python']
[0.186s] Level 1:colcon.colcon_core.package_identification:_identify(.) by extension 'cmake'
[0.186s] Level 1:colcon.colcon_core.package_identification:_identify(.) by extension 'python'
[0.186s] Level 1:colcon.colcon_core.package_identification:_identify(.) by extensions ['python_setup_py']
[0.186s] Level 1:colcon.colcon_core.package_identification:_identify(.) by extension 'python_setup_py'
[0.186s] Level 1:colcon.colcon_core.package_identification:_identify(build) by extensions ['ignore', 'ignore_ament_install']
[0.186s] Level 1:colcon.colcon_core.package_identification:_identify(build) by extension 'ignore'
[0.187s] Level 1:colcon.colcon_core.package_identification:_identify(build) ignored
[0.187s] Level 1:colcon.colcon_core.package_identification:_identify(install) by extensions ['ignore', 'ignore_ament_install']
[0.187s] Level 1:colcon.colcon_core.package_identification:_identify(install) by extension 'ignore'
[0.187s] Level 1:colcon.colcon_core.package_identification:_identify(install) ignored
[0.187s] Level 1:colcon.colcon_core.package_identification:_identify(log) by extensions ['ignore', 'ignore_ament_install']
[0.187s] Level 1:colcon.colcon_core.package_identification:_identify(log) by extension 'ignore'
[0.187s] Level 1:colcon.colcon_core.package_identification:_identify(log) ignored
[0.187s] Level 1:colcon.colcon_core.package_identification:_identify(src) by extensions ['ignore', 'ignore_ament_install']
[0.187s] Level 1:colcon.colcon_core.package_identification:_identify(src) by extension 'ignore'
[0.187s] Level 1:colcon.colcon_core.package_identification:_identify(src) by extension 'ignore_ament_install'
[0.187s] Level 1:colcon.colcon_core.package_identification:_identify(src) by extensions ['colcon_pkg']
[0.187s] Level 1:colcon.colcon_core.package_identification:_identify(src) by extension 'colcon_pkg'
[0.187s] Level 1:colcon.colcon_core.package_identification:_identify(src) by extensions ['colcon_meta']
[0.187s] Level 1:colcon.colcon_core.package_identification:_identify(src) by extension 'colcon_meta'
[0.187s] Level 1:colcon.colcon_core.package_identification:_identify(src) by extensions ['ros']
[0.187s] Level 1:colcon.colcon_core.package_identification:_identify(src) by extension 'ros'
[0.187s] Level 1:colcon.colcon_core.package_identification:_identify(src) by extensions ['cmake', 'python']
[0.187s] Level 1:colcon.colcon_core.package_identification:_identify(src) by extension 'cmake'
[0.187s] Level 1:colcon.colcon_core.package_identification:_identify(src) by extension 'python'
[0.187s] Level 1:colcon.colcon_core.package_identification:_identify(src) by extensions ['python_setup_py']
[0.187s] Level 1:colcon.colcon_core.package_identification:_identify(src) by extension 'python_setup_py'
[0.187s] Level 1:colcon.colcon_core.package_identification:_identify(src/two_wheel_drive) by extensions ['ignore', 'ignore_ament_install']
[0.187s] Level 1:colcon.colcon_core.package_identification:_identify(src/two_wheel_drive) by extension 'ignore'
[0.187s] Level 1:colcon.colcon_core.package_identification:_identify(src/two_wheel_drive) by extension 'ignore_ament_install'
[0.187s] Level 1:colcon.colcon_core.package_identification:_identify(src/two_wheel_drive) by extensions ['colcon_pkg']
[0.187s] Level 1:colcon.colcon_core.package_identification:_identify(src/two_wheel_drive) by extension 'colcon_pkg'
[0.187s] Level 1:colcon.colcon_core.package_identification:_identify(src/two_wheel_drive) by extensions ['colcon_meta']
[0.187s] Level 1:colcon.colcon_core.package_identification:_identify(src/two_wheel_drive) by extension 'colcon_meta'
[0.187s] Level 1:colcon.colcon_core.package_identification:_identify(src/two_wheel_drive) by extensions ['ros']
[0.187s] Level 1:colcon.colcon_core.package_identification:_identify(src/two_wheel_drive) by extension 'ros'
[0.189s] DEBUG:colcon.colcon_core.package_identification:Package 'src/two_wheel_drive' with type 'ros.ament_cmake' and name 'two_wheel_drive'
[0.189s] Level 1:colcon.colcon_core.package_discovery:discover_packages(recursive) using defaults
[0.189s] Level 1:colcon.colcon_core.package_discovery:discover_packages(ignore) discover
[0.189s] Level 1:colcon.colcon_core.package_discovery:discover_packages(ignore) using defaults
[0.189s] Level 1:colcon.colcon_core.package_discovery:discover_packages(path) discover
[0.189s] Level 1:colcon.colcon_core.package_discovery:discover_packages(path) using defaults
[0.197s] Level 1:colcon.colcon_core.package_discovery:discover_packages(prefix_path) check parameters
[0.197s] Level 1:colcon.colcon_core.package_discovery:discover_packages(prefix_path) discover
[0.198s] DEBUG:colcon.colcon_installed_package_information.package_discovery:Found 1 installed packages in /home/ronit/ros2_ws/IGVC_robotics_club_iitk-main/install
[0.198s] DEBUG:colcon.colcon_installed_package_information.package_discovery:Found 264 installed packages in /opt/ros/foxy
[0.199s] Level 1:colcon.colcon_core.package_discovery:discover_packages(prefix_path) using defaults
[0.234s] Level 5:colcon.colcon_core.verb:set package 'two_wheel_drive' build argument 'cmake_args' from command line to 'None'
[0.234s] Level 5:colcon.colcon_core.verb:set package 'two_wheel_drive' build argument 'cmake_target' from command line to 'None'
[0.234s] Level 5:colcon.colcon_core.verb:set package 'two_wheel_drive' build argument 'cmake_target_skip_unavailable' from command line to 'False'
[0.234s] Level 5:colcon.colcon_core.verb:set package 'two_wheel_drive' build argument 'cmake_clean_cache' from command line to 'False'
[0.234s] Level 5:colcon.colcon_core.verb:set package 'two_wheel_drive' build argument 'cmake_clean_first' from command line to 'False'
[0.234s] Level 5:colcon.colcon_core.verb:set package 'two_wheel_drive' build argument 'cmake_force_configure' from command line to 'False'
[0.234s] Level 5:colcon.colcon_core.verb:set package 'two_wheel_drive' build argument 'ament_cmake_args' from command line to 'None'
[0.234s] Level 5:colcon.colcon_core.verb:set package 'two_wheel_drive' build argument 'catkin_cmake_args' from command line to 'None'
[0.234s] Level 5:colcon.colcon_core.verb:set package 'two_wheel_drive' build argument 'catkin_skip_building_tests' from command line to 'False'
[0.234s] DEBUG:colcon.colcon_core.verb:Building package 'two_wheel_drive' with the following arguments: {'ament_cmake_args': None, 'build_base': '/home/ronit/ros2_ws/IGVC_robotics_club_iitk-main/build/two_wheel_drive', 'catkin_cmake_args': None, 'catkin_skip_building_tests': False, 'cmake_args': None, 'cmake_clean_cache': False, 'cmake_clean_first': False, 'cmake_force_configure': False, 'cmake_target': None, 'cmake_target_skip_unavailable': False, 'install_base': '/home/ronit/ros2_ws/IGVC_robotics_club_iitk-main/install/two_wheel_drive', 'merge_install': False, 'path': '/home/ronit/ros2_ws/IGVC_robotics_club_iitk-main/src/two_wheel_drive', 'symlink_install': False, 'test_result_base': None}
[0.234s] INFO:colcon.colcon_core.executor:Executing jobs using 'parallel' executor
[0.234s] DEBUG:colcon.colcon_parallel_executor.executor.parallel:run_until_complete
[0.235s] INFO:colcon.colcon_ros.task.ament_cmake.build:Building ROS package in '/home/ronit/ros2_ws/IGVC_robotics_club_iitk-main/src/two_wheel_drive' with build type 'ament_cmake'
[0.235s] INFO:colcon.colcon_cmake.task.cmake.build:Building CMake package in '/home/ronit/ros2_ws/IGVC_robotics_club_iitk-main/src/two_wheel_drive'
[0.236s] INFO:colcon.colcon_core.plugin_system:Skipping extension 'colcon_core.shell.bat': Not used on non-Windows systems
[0.236s] INFO:colcon.colcon_core.shell:Skip shell extension 'powershell' for command environment: Not usable outside of PowerShell
[0.236s] DEBUG:colcon.colcon_core.shell:Skip shell extension 'dsv' for command environment
[0.242s] DEBUG:colcon.colcon_core.event_handler.log_command:Invoking command in '/home/ronit/ros2_ws/IGVC_robotics_club_iitk-main/build/two_wheel_drive': CMAKE_PREFIX_PATH=${CMAKE_PREFIX_PATH}:/opt/ros/foxy /usr/bin/cmake /home/ronit/ros2_ws/IGVC_robotics_club_iitk-main/src/two_wheel_drive -DCMAKE_INSTALL_PREFIX=/home/ronit/ros2_ws/IGVC_robotics_club_iitk-main/install/two_wheel_drive
[2.056s] DEBUG:colcon.colcon_core.event_handler.log_command:Invoked command in '/home/ronit/ros2_ws/IGVC_robotics_club_iitk-main/build/two_wheel_drive' returned '0': CMAKE_PREFIX_PATH=${CMAKE_PREFIX_PATH}:/opt/ros/foxy /usr/bin/cmake /home/ronit/ros2_ws/IGVC_robotics_club_iitk-main/src/two_wheel_drive -DCMAKE_INSTALL_PREFIX=/home/ronit/ros2_ws/IGVC_robotics_club_iitk-main/install/two_wheel_drive
[2.057s] DEBUG:colcon.colcon_core.event_handler.log_command:Invoking command in '/home/ronit/ros2_ws/IGVC_robotics_club_iitk-main/build/two_wheel_drive': CMAKE_PREFIX_PATH=${CMAKE_PREFIX_PATH}:/opt/ros/foxy /usr/bin/cmake --build /home/ronit/ros2_ws/IGVC_robotics_club_iitk-main/build/two_wheel_drive -- -j4 -l4
[2.081s] DEBUG:colcon.colcon_core.event_handler.log_command:Invoked command in '/home/ronit/ros2_ws/IGVC_robotics_club_iitk-main/build/two_wheel_drive' returned '0': CMAKE_PREFIX_PATH=${CMAKE_PREFIX_PATH}:/opt/ros/foxy /usr/bin/cmake --build /home/ronit/ros2_ws/IGVC_robotics_club_iitk-main/build/two_wheel_drive -- -j4 -l4
[2.087s] DEBUG:colcon.colcon_core.event_handler.log_command:Invoking command in '/home/ronit/ros2_ws/IGVC_robotics_club_iitk-main/build/two_wheel_drive': CMAKE_PREFIX_PATH=${CMAKE_PREFIX_PATH}:/opt/ros/foxy /usr/bin/cmake --install /home/ronit/ros2_ws/IGVC_robotics_club_iitk-main/build/two_wheel_drive
[2.093s] Level 1:colcon.colcon_core.environment:create_environment_scripts_only(two_wheel_drive)
[2.094s] DEBUG:colcon.colcon_core.event_handler.log_command:Invoked command in '/home/ronit/ros2_ws/IGVC_robotics_club_iitk-main/build/two_wheel_drive' returned '0': CMAKE_PREFIX_PATH=${CMAKE_PREFIX_PATH}:/opt/ros/foxy /usr/bin/cmake --install /home/ronit/ros2_ws/IGVC_robotics_club_iitk-main/build/two_wheel_drive
[2.095s] Level 1:colcon.colcon_core.environment:checking '/home/ronit/ros2_ws/IGVC_robotics_club_iitk-main/install/two_wheel_drive' for CMake module files
[2.095s] Level 1:colcon.colcon_core.environment:checking '/home/ronit/ros2_ws/IGVC_robotics_club_iitk-main/install/two_wheel_drive' for CMake config files
[2.096s] Level 1:colcon.colcon_core.shell:create_environment_hook('two_wheel_drive', 'cmake_prefix_path')
[2.096s] INFO:colcon.colcon_core.shell:Creating environment hook '/home/ronit/ros2_ws/IGVC_robotics_club_iitk-main/install/two_wheel_drive/share/two_wheel_drive/hook/cmake_prefix_path.ps1'
[2.096s] INFO:colcon.colcon_core.shell:Creating environment descriptor '/home/ronit/ros2_ws/IGVC_robotics_club_iitk-main/install/two_wheel_drive/share/two_wheel_drive/hook/cmake_prefix_path.dsv'
[2.097s] INFO:colcon.colcon_core.shell:Creating environment hook '/home/ronit/ros2_ws/IGVC_robotics_club_iitk-main/install/two_wheel_drive/share/two_wheel_drive/hook/cmake_prefix_path.sh'
[2.097s] Level 1:colcon.colcon_core.environment:checking '/home/ronit/ros2_ws/IGVC_robotics_club_iitk-main/install/two_wheel_drive/bin'
[2.097s] Level 1:colcon.colcon_core.environment:checking '/home/ronit/ros2_ws/IGVC_robotics_club_iitk-main/install/two_wheel_drive/lib/pkgconfig/two_wheel_drive.pc'
[2.097s] Level 1:colcon.colcon_core.environment:checking '/home/ronit/ros2_ws/IGVC_robotics_club_iitk-main/install/two_wheel_drive/lib/python3.8/site-packages'
[2.097s] Level 1:colcon.colcon_core.environment:checking '/home/ronit/ros2_ws/IGVC_robotics_club_iitk-main/install/two_wheel_drive/bin'
[2.098s] INFO:colcon.colcon_core.shell:Creating package script '/home/ronit/ros2_ws/IGVC_robotics_club_iitk-main/install/two_wheel_drive/share/two_wheel_drive/package.ps1'
[2.098s] INFO:colcon.colcon_core.shell:Creating package descriptor '/home/ronit/ros2_ws/IGVC_robotics_club_iitk-main/install/two_wheel_drive/share/two_wheel_drive/package.dsv'
[2.098s] INFO:colcon.colcon_core.shell:Creating package script '/home/ronit/ros2_ws/IGVC_robotics_club_iitk-main/install/two_wheel_drive/share/two_wheel_drive/package.sh'
[2.099s] INFO:colcon.colcon_core.shell:Creating package script '/home/ronit/ros2_ws/IGVC_robotics_club_iitk-main/install/two_wheel_drive/share/two_wheel_drive/package.bash'
[2.099s] INFO:colcon.colcon_core.shell:Creating package script '/home/ronit/ros2_ws/IGVC_robotics_club_iitk-main/install/two_wheel_drive/share/two_wheel_drive/package.zsh'
[2.099s] Level 1:colcon.colcon_core.environment:create_file_with_runtime_dependencies(/home/ronit/ros2_ws/IGVC_robotics_club_iitk-main/install/two_wheel_drive/share/colcon-core/packages/two_wheel_drive)
[2.100s] Level 1:colcon.colcon_core.environment:create_environment_scripts_only(two_wheel_drive)
[2.100s] Level 1:colcon.colcon_core.environment:checking '/home/ronit/ros2_ws/IGVC_robotics_club_iitk-main/install/two_wheel_drive' for CMake module files
[2.100s] Level 1:colcon.colcon_core.environment:checking '/home/ronit/ros2_ws/IGVC_robotics_club_iitk-main/install/two_wheel_drive' for CMake config files
[2.100s] Level 1:colcon.colcon_core.shell:create_environment_hook('two_wheel_drive', 'cmake_prefix_path')
[2.100s] INFO:colcon.colcon_core.shell:Creating environment hook '/home/ronit/ros2_ws/IGVC_robotics_club_iitk-main/install/two_wheel_drive/share/two_wheel_drive/hook/cmake_prefix_path.ps1'
[2.100s] INFO:colcon.colcon_core.shell:Creating environment descriptor '/home/ronit/ros2_ws/IGVC_robotics_club_iitk-main/install/two_wheel_drive/share/two_wheel_drive/hook/cmake_prefix_path.dsv'
[2.101s] INFO:colcon.colcon_core.shell:Creating environment hook '/home/ronit/ros2_ws/IGVC_robotics_club_iitk-main/install/two_wheel_drive/share/two_wheel_drive/hook/cmake_prefix_path.sh'
[2.101s] Level 1:colcon.colcon_core.environment:checking '/home/ronit/ros2_ws/IGVC_robotics_club_iitk-main/install/two_wheel_drive/bin'
[2.101s] Level 1:colcon.colcon_core.environment:checking '/home/ronit/ros2_ws/IGVC_robotics_club_iitk-main/install/two_wheel_drive/lib/pkgconfig/two_wheel_drive.pc'
[2.101s] Level 1:colcon.colcon_core.environment:checking '/home/ronit/ros2_ws/IGVC_robotics_club_iitk-main/install/two_wheel_drive/lib/python3.8/site-packages'
[2.101s] Level 1:colcon.colcon_core.environment:checking '/home/ronit/ros2_ws/IGVC_robotics_club_iitk-main/install/two_wheel_drive/bin'
[2.101s] INFO:colcon.colcon_core.shell:Creating package script '/home/ronit/ros2_ws/IGVC_robotics_club_iitk-main/install/two_wheel_drive/share/two_wheel_drive/package.ps1'
[2.101s] INFO:colcon.colcon_core.shell:Creating package descriptor '/home/ronit/ros2_ws/IGVC_robotics_club_iitk-main/install/two_wheel_drive/share/two_wheel_drive/package.dsv'
[2.102s] INFO:colcon.colcon_core.shell:Creating package script '/home/ronit/ros2_ws/IGVC_robotics_club_iitk-main/install/two_wheel_drive/share/two_wheel_drive/package.sh'
[2.102s] INFO:colcon.colcon_core.shell:Creating package script '/home/ronit/ros2_ws/IGVC_robotics_club_iitk-main/install/two_wheel_drive/share/two_wheel_drive/package.bash'
[2.102s] INFO:colcon.colcon_core.shell:Creating package script '/home/ronit/ros2_ws/IGVC_robotics_club_iitk-main/install/two_wheel_drive/share/two_wheel_drive/package.zsh'
[2.102s] Level 1:colcon.colcon_core.environment:create_file_with_runtime_dependencies(/home/ronit/ros2_ws/IGVC_robotics_club_iitk-main/install/two_wheel_drive/share/colcon-core/packages/two_wheel_drive)
[2.103s] DEBUG:colcon.colcon_parallel_executor.executor.parallel:closing loop
[2.103s] DEBUG:colcon.colcon_parallel_executor.executor.parallel:loop closed
[2.103s] DEBUG:colcon.colcon_parallel_executor.executor.parallel:run_until_complete finished with '0'
[2.103s] DEBUG:colcon.colcon_core.event_reactor:joining thread
[2.106s] INFO:colcon.colcon_core.plugin_system:Skipping extension 'colcon_notification.desktop_notification.terminal_notifier': Not used on non-Darwin systems
[2.106s] INFO:colcon.colcon_core.plugin_system:Skipping extension 'colcon_notification.desktop_notification.win32': Not used on non-Windows systems
[2.106s] INFO:colcon.colcon_notification.desktop_notification:Sending desktop notification using 'notify2'
[2.117s] DEBUG:colcon.colcon_core.event_reactor:joined thread
[2.117s] INFO:colcon.colcon_core.shell:Creating prefix script '/home/ronit/ros2_ws/IGVC_robotics_club_iitk-main/install/local_setup.ps1'
[2.118s] INFO:colcon.colcon_core.shell:Creating prefix util module '/home/ronit/ros2_ws/IGVC_robotics_club_iitk-main/install/_local_setup_util_ps1.py'
[2.119s] INFO:colcon.colcon_core.shell:Creating prefix chain script '/home/ronit/ros2_ws/IGVC_robotics_club_iitk-main/install/setup.ps1'
[2.119s] INFO:colcon.colcon_core.shell:Creating prefix script '/home/ronit/ros2_ws/IGVC_robotics_club_iitk-main/install/local_setup.sh'
[2.120s] INFO:colcon.colcon_core.shell:Creating prefix util module '/home/ronit/ros2_ws/IGVC_robotics_club_iitk-main/install/_local_setup_util_sh.py'
[2.120s] INFO:colcon.colcon_core.shell:Creating prefix chain script '/home/ronit/ros2_ws/IGVC_robotics_club_iitk-main/install/setup.sh'
[2.121s] INFO:colcon.colcon_core.shell:Creating prefix script '/home/ronit/ros2_ws/IGVC_robotics_club_iitk-main/install/local_setup.bash'
[2.121s] INFO:colcon.colcon_core.shell:Creating prefix chain script '/home/ronit/ros2_ws/IGVC_robotics_club_iitk-main/install/setup.bash'
[2.122s] INFO:colcon.colcon_core.shell:Creating prefix script '/home/ronit/ros2_ws/IGVC_robotics_club_iitk-main/install/local_setup.zsh'
[2.122s] INFO:colcon.colcon_core.shell:Creating prefix chain script '/home/ronit/ros2_ws/IGVC_robotics_club_iitk-main/install/setup.zsh'
