[0.009s] Invoking command in '/home/ronit/ros2_ws/IGVC_robotics_club_iitk-main/build/two_wheel_drive': CMAKE_PREFIX_PATH=/opt/ros/foxy /usr/bin/cmake --build /home/ronit/ros2_ws/IGVC_robotics_club_iitk-main/build/two_wheel_drive -- -j4 -l4
[0.096s] Invoked command in '/home/ronit/ros2_ws/IGVC_robotics_club_iitk-main/build/two_wheel_drive' returned '0': CMAKE_PREFIX_PATH=/opt/ros/foxy /usr/bin/cmake --build /home/ronit/ros2_ws/IGVC_robotics_club_iitk-main/build/two_wheel_drive -- -j4 -l4
[0.104s] Invoking command in '/home/ronit/ros2_ws/IGVC_robotics_club_iitk-main/build/two_wheel_drive': CMAKE_PREFIX_PATH=/opt/ros/foxy /usr/bin/cmake --install /home/ronit/ros2_ws/IGVC_robotics_club_iitk-main/build/two_wheel_drive
[0.108s] -- Install configuration: ""
[0.109s] -- Up-to-date: /home/ronit/ros2_ws/IGVC_robotics_club_iitk-main/install/two_wheel_drive/share/two_wheel_drive/launch
[0.109s] -- Up-to-date: /home/ronit/ros2_ws/IGVC_robotics_club_iitk-main/install/two_wheel_drive/share/two_wheel_drive/launch/robot.launch.py
[0.109s] -- Up-to-date: /home/ronit/ros2_ws/IGVC_robotics_club_iitk-main/install/two_wheel_drive/share/two_wheel_drive/launch/.vscode
[0.110s] -- Up-to-date: /home/ronit/ros2_ws/IGVC_robotics_club_iitk-main/install/two_wheel_drive/share/two_wheel_drive/launch/.vscode/settings.json
[0.110s] -- Up-to-date: /home/ronit/ros2_ws/IGVC_robotics_club_iitk-main/install/two_wheel_drive/share/two_wheel_drive/launch/.vscode/c_cpp_properties.json
[0.110s] -- Up-to-date: /home/ronit/ros2_ws/IGVC_robotics_club_iitk-main/install/two_wheel_drive/share/two_wheel_drive/launch/cartographer.launch.py
[0.110s] -- Up-to-date: /home/ronit/ros2_ws/IGVC_robotics_club_iitk-main/install/two_wheel_drive/share/two_wheel_drive/launch/robot.launch (copy).py
[0.110s] -- Up-to-date: /home/ronit/ros2_ws/IGVC_robotics_club_iitk-main/install/two_wheel_drive/share/two_wheel_drive/config
[0.110s] -- Up-to-date: /home/ronit/ros2_ws/IGVC_robotics_club_iitk-main/install/two_wheel_drive/share/two_wheel_drive/config/cartographer_2d.lua
[0.111s] -- Up-to-date: /home/ronit/ros2_ws/IGVC_robotics_club_iitk-main/install/two_wheel_drive/share/two_wheel_drive/worlds
[0.111s] -- Up-to-date: /home/ronit/ros2_ws/IGVC_robotics_club_iitk-main/install/two_wheel_drive/share/two_wheel_drive/worlds/test
[0.111s] -- Up-to-date: /home/ronit/ros2_ws/IGVC_robotics_club_iitk-main/install/two_wheel_drive/share/two_wheel_drive/worlds/test/simple.world
[0.111s] -- Up-to-date: /home/ronit/ros2_ws/IGVC_robotics_club_iitk-main/install/two_wheel_drive/share/two_wheel_drive/urdf
[0.111s] -- Up-to-date: /home/ronit/ros2_ws/IGVC_robotics_club_iitk-main/install/two_wheel_drive/share/two_wheel_drive/urdf/gazebo.material
[0.111s] -- Up-to-date: /home/ronit/ros2_ws/IGVC_robotics_club_iitk-main/install/two_wheel_drive/share/two_wheel_drive/urdf/models
[0.111s] -- Up-to-date: /home/ronit/ros2_ws/IGVC_robotics_club_iitk-main/install/two_wheel_drive/share/two_wheel_drive/urdf/models/construction_barrel
[0.112s] -- Up-to-date: /home/ronit/ros2_ws/IGVC_robotics_club_iitk-main/install/two_wheel_drive/share/two_wheel_drive/urdf/models/construction_barrel/model.config
[0.112s] -- Up-to-date: /home/ronit/ros2_ws/IGVC_robotics_club_iitk-main/install/two_wheel_drive/share/two_wheel_drive/urdf/models/construction_barrel/model.sdf
[0.112s] -- Up-to-date: /home/ronit/ros2_ws/IGVC_robotics_club_iitk-main/install/two_wheel_drive/share/two_wheel_drive/urdf/models/construction_barrel/model-1_2.sdf
[0.112s] -- Up-to-date: /home/ronit/ros2_ws/IGVC_robotics_club_iitk-main/install/two_wheel_drive/share/two_wheel_drive/urdf/models/construction_barrel/model-1_4.sdf
[0.112s] -- Up-to-date: /home/ronit/ros2_ws/IGVC_robotics_club_iitk-main/install/two_wheel_drive/share/two_wheel_drive/urdf/models/barrel
[0.112s] -- Up-to-date: /home/ronit/ros2_ws/IGVC_robotics_club_iitk-main/install/two_wheel_drive/share/two_wheel_drive/urdf/models/barrel/meshes
[0.112s] -- Up-to-date: /home/ronit/ros2_ws/IGVC_robotics_club_iitk-main/install/two_wheel_drive/share/two_wheel_drive/urdf/models/barrel/meshes/Barrel.png
[0.112s] -- Up-to-date: /home/ronit/ros2_ws/IGVC_robotics_club_iitk-main/install/two_wheel_drive/share/two_wheel_drive/urdf/models/barrel/meshes/barrel.dae
[0.112s] -- Up-to-date: /home/ronit/ros2_ws/IGVC_robotics_club_iitk-main/install/two_wheel_drive/share/two_wheel_drive/urdf/models/barrel/model.config
[0.112s] -- Up-to-date: /home/ronit/ros2_ws/IGVC_robotics_club_iitk-main/install/two_wheel_drive/share/two_wheel_drive/urdf/models/barrel/model.sdf
[0.113s] -- Up-to-date: /home/ronit/ros2_ws/IGVC_robotics_club_iitk-main/install/two_wheel_drive/share/two_wheel_drive/urdf/models/ramp
[0.113s] -- Up-to-date: /home/ronit/ros2_ws/IGVC_robotics_club_iitk-main/install/two_wheel_drive/share/two_wheel_drive/urdf/models/ramp/meshes
[0.113s] -- Up-to-date: /home/ronit/ros2_ws/IGVC_robotics_club_iitk-main/install/two_wheel_drive/share/two_wheel_drive/urdf/models/ramp/meshes/RampTexture.png
[0.113s] -- Up-to-date: /home/ronit/ros2_ws/IGVC_robotics_club_iitk-main/install/two_wheel_drive/share/two_wheel_drive/urdf/models/ramp/meshes/ramp.dae
[0.113s] -- Up-to-date: /home/ronit/ros2_ws/IGVC_robotics_club_iitk-main/install/two_wheel_drive/share/two_wheel_drive/urdf/models/ramp/model.config
[0.113s] -- Up-to-date: /home/ronit/ros2_ws/IGVC_robotics_club_iitk-main/install/two_wheel_drive/share/two_wheel_drive/urdf/models/ramp/model.sdf
[0.113s] -- Up-to-date: /home/ronit/ros2_ws/IGVC_robotics_club_iitk-main/install/two_wheel_drive/share/two_wheel_drive/urdf/models/grass_plane
[0.113s] -- Up-to-date: /home/ronit/ros2_ws/IGVC_robotics_club_iitk-main/install/two_wheel_drive/share/two_wheel_drive/urdf/models/grass_plane/model.config
[0.113s] -- Up-to-date: /home/ronit/ros2_ws/IGVC_robotics_club_iitk-main/install/two_wheel_drive/share/two_wheel_drive/urdf/models/grass_plane/model.sdf
[0.113s] -- Up-to-date: /home/ronit/ros2_ws/IGVC_robotics_club_iitk-main/install/two_wheel_drive/share/two_wheel_drive/urdf/models/grass_plane/model-1_2.sdf
[0.113s] -- Up-to-date: /home/ronit/ros2_ws/IGVC_robotics_club_iitk-main/install/two_wheel_drive/share/two_wheel_drive/urdf/models/grass_plane/model-1_4.sdf
[0.113s] -- Up-to-date: /home/ronit/ros2_ws/IGVC_robotics_club_iitk-main/install/two_wheel_drive/share/two_wheel_drive/urdf/models/sun
[0.114s] -- Up-to-date: /home/ronit/ros2_ws/IGVC_robotics_club_iitk-main/install/two_wheel_drive/share/two_wheel_drive/urdf/models/sun/model.config
[0.114s] -- Up-to-date: /home/ronit/ros2_ws/IGVC_robotics_club_iitk-main/install/two_wheel_drive/share/two_wheel_drive/urdf/models/sun/model.sdf
[0.114s] -- Up-to-date: /home/ronit/ros2_ws/IGVC_robotics_club_iitk-main/install/two_wheel_drive/share/two_wheel_drive/urdf/models/autonav
[0.114s] -- Up-to-date: /home/ronit/ros2_ws/IGVC_robotics_club_iitk-main/install/two_wheel_drive/share/two_wheel_drive/urdf/models/autonav/model.config
[0.114s] -- Up-to-date: /home/ronit/ros2_ws/IGVC_robotics_club_iitk-main/install/two_wheel_drive/share/two_wheel_drive/urdf/models/autonav/model.sdf
[0.114s] -- Up-to-date: /home/ronit/ros2_ws/IGVC_robotics_club_iitk-main/install/two_wheel_drive/share/two_wheel_drive/urdf/models/qualification
[0.114s] -- Up-to-date: /home/ronit/ros2_ws/IGVC_robotics_club_iitk-main/install/two_wheel_drive/share/two_wheel_drive/urdf/models/qualification/model.config
[0.114s] -- Up-to-date: /home/ronit/ros2_ws/IGVC_robotics_club_iitk-main/install/two_wheel_drive/share/two_wheel_drive/urdf/models/qualification/model.sdf
[0.114s] -- Up-to-date: /home/ronit/ros2_ws/IGVC_robotics_club_iitk-main/install/two_wheel_drive/share/two_wheel_drive/urdf/models/autonav_mesh
[0.114s] -- Up-to-date: /home/ronit/ros2_ws/IGVC_robotics_club_iitk-main/install/two_wheel_drive/share/two_wheel_drive/urdf/models/autonav_mesh/meshes
[0.116s] -- Up-to-date: /home/ronit/ros2_ws/IGVC_robotics_club_iitk-main/install/two_wheel_drive/share/two_wheel_drive/urdf/models/autonav_mesh/meshes/autonav_world.dae
[0.116s] -- Up-to-date: /home/ronit/ros2_ws/IGVC_robotics_club_iitk-main/install/two_wheel_drive/share/two_wheel_drive/urdf/models/autonav_mesh/model.config
[0.116s] -- Up-to-date: /home/ronit/ros2_ws/IGVC_robotics_club_iitk-main/install/two_wheel_drive/share/two_wheel_drive/urdf/models/autonav_mesh/model.sdf
[0.116s] -- Up-to-date: /home/ronit/ros2_ws/IGVC_robotics_club_iitk-main/install/two_wheel_drive/share/two_wheel_drive/urdf/models/barrels_low
[0.116s] -- Up-to-date: /home/ronit/ros2_ws/IGVC_robotics_club_iitk-main/install/two_wheel_drive/share/two_wheel_drive/urdf/models/barrels_low/meshes
[0.116s] -- Up-to-date: /home/ronit/ros2_ws/IGVC_robotics_club_iitk-main/install/two_wheel_drive/share/two_wheel_drive/urdf/models/barrels_low/meshes/Barrel.png
[0.116s] -- Up-to-date: /home/ronit/ros2_ws/IGVC_robotics_club_iitk-main/install/two_wheel_drive/share/two_wheel_drive/urdf/models/barrels_low/meshes/barrel.dae
[0.116s] -- Up-to-date: /home/ronit/ros2_ws/IGVC_robotics_club_iitk-main/install/two_wheel_drive/share/two_wheel_drive/urdf/models/barrels_low/model.config
[0.116s] -- Up-to-date: /home/ronit/ros2_ws/IGVC_robotics_club_iitk-main/install/two_wheel_drive/share/two_wheel_drive/urdf/models/barrels_low/model.sdf
[0.116s] -- Up-to-date: /home/ronit/ros2_ws/IGVC_robotics_club_iitk-main/install/two_wheel_drive/share/two_wheel_drive/urdf/models/ramp_lane
[0.116s] -- Up-to-date: /home/ronit/ros2_ws/IGVC_robotics_club_iitk-main/install/two_wheel_drive/share/two_wheel_drive/urdf/models/ramp_lane/model.config
[0.117s] -- Up-to-date: /home/ronit/ros2_ws/IGVC_robotics_club_iitk-main/install/two_wheel_drive/share/two_wheel_drive/urdf/models/ramp_lane/model.sdf
[0.117s] -- Up-to-date: /home/ronit/ros2_ws/IGVC_robotics_club_iitk-main/install/two_wheel_drive/share/two_wheel_drive/urdf/meshes
[0.117s] -- Up-to-date: /home/ronit/ros2_ws/IGVC_robotics_club_iitk-main/install/two_wheel_drive/share/two_wheel_drive/urdf/meshes/Wheel.dae
[0.119s] -- Up-to-date: /home/ronit/ros2_ws/IGVC_robotics_club_iitk-main/install/two_wheel_drive/share/two_wheel_drive/urdf/meshes/swervi_chassis.dae
[0.119s] -- Up-to-date: /home/ronit/ros2_ws/IGVC_robotics_club_iitk-main/install/two_wheel_drive/share/two_wheel_drive/urdf/meshes/swervi_tire.dae
[0.119s] -- Up-to-date: /home/ronit/ros2_ws/IGVC_robotics_club_iitk-main/install/two_wheel_drive/share/two_wheel_drive/urdf/meshes/Sphere.dae
[0.119s] -- Up-to-date: /home/ronit/ros2_ws/IGVC_robotics_club_iitk-main/install/two_wheel_drive/share/two_wheel_drive/urdf/textures
[0.119s] -- Up-to-date: /home/ronit/ros2_ws/IGVC_robotics_club_iitk-main/install/two_wheel_drive/share/two_wheel_drive/urdf/textures/autonav_course.png
[0.119s] -- Up-to-date: /home/ronit/ros2_ws/IGVC_robotics_club_iitk-main/install/two_wheel_drive/share/two_wheel_drive/urdf/textures/qualification_course.png
[0.119s] -- Up-to-date: /home/ronit/ros2_ws/IGVC_robotics_club_iitk-main/install/two_wheel_drive/share/two_wheel_drive/urdf/textures/ground_grass_texture.jpg
[0.120s] -- Installing: /home/ronit/ros2_ws/IGVC_robotics_club_iitk-main/install/two_wheel_drive/share/two_wheel_drive/urdf/robot.urdf
[0.120s] -- Up-to-date: /home/ronit/ros2_ws/IGVC_robotics_club_iitk-main/install/two_wheel_drive/share/two_wheel_drive/urdf/worlds
[0.120s] -- Up-to-date: /home/ronit/ros2_ws/IGVC_robotics_club_iitk-main/install/two_wheel_drive/share/two_wheel_drive/urdf/worlds/qualification.world
[0.120s] -- Up-to-date: /home/ronit/ros2_ws/IGVC_robotics_club_iitk-main/install/two_wheel_drive/share/two_wheel_drive/urdf/worlds/qual_low.world
[0.120s] -- Up-to-date: /home/ronit/ros2_ws/IGVC_robotics_club_iitk-main/install/two_wheel_drive/share/two_wheel_drive/urdf/worlds/autonav_mesh.world
[0.120s] -- Up-to-date: /home/ronit/ros2_ws/IGVC_robotics_club_iitk-main/install/two_wheel_drive/share/two_wheel_drive/urdf/worlds/ramp_lane.world
[0.120s] -- Up-to-date: /home/ronit/ros2_ws/IGVC_robotics_club_iitk-main/install/two_wheel_drive/share/two_wheel_drive/urdf/worlds/autonav_low.world
[0.120s] -- Up-to-date: /home/ronit/ros2_ws/IGVC_robotics_club_iitk-main/install/two_wheel_drive/share/two_wheel_drive/urdf/worlds/autonav.world
[0.120s] -- Up-to-date: /home/ronit/ros2_ws/IGVC_robotics_club_iitk-main/install/two_wheel_drive/share/two_wheel_drive/meshes
[0.120s] -- Up-to-date: /home/ronit/ros2_ws/IGVC_robotics_club_iitk-main/install/two_wheel_drive/share/two_wheel_drive/meshes/Wheel.dae
[0.120s] -- Up-to-date: /home/ronit/ros2_ws/IGVC_robotics_club_iitk-main/install/two_wheel_drive/share/two_wheel_drive/meshes/swervi_chassis.dae
[0.120s] -- Up-to-date: /home/ronit/ros2_ws/IGVC_robotics_club_iitk-main/install/two_wheel_drive/share/two_wheel_drive/meshes/swervi_tire.dae
[0.120s] -- Up-to-date: /home/ronit/ros2_ws/IGVC_robotics_club_iitk-main/install/two_wheel_drive/share/two_wheel_drive/meshes/Sphere.dae
[0.120s] -- Up-to-date: /home/ronit/ros2_ws/IGVC_robotics_club_iitk-main/install/two_wheel_drive/share/two_wheel_drive/models
[0.120s] -- Up-to-date: /home/ronit/ros2_ws/IGVC_robotics_club_iitk-main/install/two_wheel_drive/share/two_wheel_drive/models/construction_barrel
[0.120s] -- Up-to-date: /home/ronit/ros2_ws/IGVC_robotics_club_iitk-main/install/two_wheel_drive/share/two_wheel_drive/models/construction_barrel/model.config
[0.120s] -- Up-to-date: /home/ronit/ros2_ws/IGVC_robotics_club_iitk-main/install/two_wheel_drive/share/two_wheel_drive/models/construction_barrel/model.sdf
[0.120s] -- Up-to-date: /home/ronit/ros2_ws/IGVC_robotics_club_iitk-main/install/two_wheel_drive/share/two_wheel_drive/models/construction_barrel/model-1_2.sdf
[0.120s] -- Up-to-date: /home/ronit/ros2_ws/IGVC_robotics_club_iitk-main/install/two_wheel_drive/share/two_wheel_drive/models/construction_barrel/model-1_4.sdf
[0.120s] -- Up-to-date: /home/ronit/ros2_ws/IGVC_robotics_club_iitk-main/install/two_wheel_drive/share/two_wheel_drive/models/barrel
[0.120s] -- Up-to-date: /home/ronit/ros2_ws/IGVC_robotics_club_iitk-main/install/two_wheel_drive/share/two_wheel_drive/models/barrel/meshes
[0.121s] -- Up-to-date: /home/ronit/ros2_ws/IGVC_robotics_club_iitk-main/install/two_wheel_drive/share/two_wheel_drive/models/barrel/meshes/Barrel.png
[0.121s] -- Up-to-date: /home/ronit/ros2_ws/IGVC_robotics_club_iitk-main/install/two_wheel_drive/share/two_wheel_drive/models/barrel/meshes/barrel.dae
[0.121s] -- Up-to-date: /home/ronit/ros2_ws/IGVC_robotics_club_iitk-main/install/two_wheel_drive/share/two_wheel_drive/models/barrel/model.config
[0.121s] -- Up-to-date: /home/ronit/ros2_ws/IGVC_robotics_club_iitk-main/install/two_wheel_drive/share/two_wheel_drive/models/barrel/model.sdf
[0.121s] -- Up-to-date: /home/ronit/ros2_ws/IGVC_robotics_club_iitk-main/install/two_wheel_drive/share/two_wheel_drive/models/ramp
[0.121s] -- Up-to-date: /home/ronit/ros2_ws/IGVC_robotics_club_iitk-main/install/two_wheel_drive/share/two_wheel_drive/models/ramp/meshes
[0.121s] -- Up-to-date: /home/ronit/ros2_ws/IGVC_robotics_club_iitk-main/install/two_wheel_drive/share/two_wheel_drive/models/ramp/meshes/RampTexture.png
[0.121s] -- Up-to-date: /home/ronit/ros2_ws/IGVC_robotics_club_iitk-main/install/two_wheel_drive/share/two_wheel_drive/models/ramp/meshes/ramp.dae
[0.121s] -- Up-to-date: /home/ronit/ros2_ws/IGVC_robotics_club_iitk-main/install/two_wheel_drive/share/two_wheel_drive/models/ramp/model.config
[0.121s] -- Up-to-date: /home/ronit/ros2_ws/IGVC_robotics_club_iitk-main/install/two_wheel_drive/share/two_wheel_drive/models/ramp/model.sdf
[0.121s] -- Up-to-date: /home/ronit/ros2_ws/IGVC_robotics_club_iitk-main/install/two_wheel_drive/share/two_wheel_drive/models/grass_plane
[0.121s] -- Up-to-date: /home/ronit/ros2_ws/IGVC_robotics_club_iitk-main/install/two_wheel_drive/share/two_wheel_drive/models/grass_plane/model.config
[0.121s] -- Up-to-date: /home/ronit/ros2_ws/IGVC_robotics_club_iitk-main/install/two_wheel_drive/share/two_wheel_drive/models/grass_plane/model.sdf
[0.121s] -- Up-to-date: /home/ronit/ros2_ws/IGVC_robotics_club_iitk-main/install/two_wheel_drive/share/two_wheel_drive/models/grass_plane/model-1_2.sdf
[0.121s] -- Up-to-date: /home/ronit/ros2_ws/IGVC_robotics_club_iitk-main/install/two_wheel_drive/share/two_wheel_drive/models/grass_plane/model-1_4.sdf
[0.121s] -- Up-to-date: /home/ronit/ros2_ws/IGVC_robotics_club_iitk-main/install/two_wheel_drive/share/two_wheel_drive/models/sun
[0.121s] -- Up-to-date: /home/ronit/ros2_ws/IGVC_robotics_club_iitk-main/install/two_wheel_drive/share/two_wheel_drive/models/sun/model.config
[0.121s] -- Up-to-date: /home/ronit/ros2_ws/IGVC_robotics_club_iitk-main/install/two_wheel_drive/share/two_wheel_drive/models/sun/model.sdf
[0.122s] -- Up-to-date: /home/ronit/ros2_ws/IGVC_robotics_club_iitk-main/install/two_wheel_drive/share/two_wheel_drive/models/autonav
[0.122s] -- Up-to-date: /home/ronit/ros2_ws/IGVC_robotics_club_iitk-main/install/two_wheel_drive/share/two_wheel_drive/models/autonav/model.config
[0.122s] -- Up-to-date: /home/ronit/ros2_ws/IGVC_robotics_club_iitk-main/install/two_wheel_drive/share/two_wheel_drive/models/autonav/model.sdf
[0.122s] -- Up-to-date: /home/ronit/ros2_ws/IGVC_robotics_club_iitk-main/install/two_wheel_drive/share/two_wheel_drive/models/qualification
[0.122s] -- Up-to-date: /home/ronit/ros2_ws/IGVC_robotics_club_iitk-main/install/two_wheel_drive/share/two_wheel_drive/models/qualification/model.config
[0.122s] -- Up-to-date: /home/ronit/ros2_ws/IGVC_robotics_club_iitk-main/install/two_wheel_drive/share/two_wheel_drive/models/qualification/model.sdf
[0.122s] -- Up-to-date: /home/ronit/ros2_ws/IGVC_robotics_club_iitk-main/install/two_wheel_drive/share/two_wheel_drive/models/autonav_mesh
[0.122s] -- Up-to-date: /home/ronit/ros2_ws/IGVC_robotics_club_iitk-main/install/two_wheel_drive/share/two_wheel_drive/models/autonav_mesh/meshes
[0.122s] -- Up-to-date: /home/ronit/ros2_ws/IGVC_robotics_club_iitk-main/install/two_wheel_drive/share/two_wheel_drive/models/autonav_mesh/meshes/autonav_world.dae
[0.122s] -- Up-to-date: /home/ronit/ros2_ws/IGVC_robotics_club_iitk-main/install/two_wheel_drive/share/two_wheel_drive/models/autonav_mesh/model.config
[0.122s] -- Up-to-date: /home/ronit/ros2_ws/IGVC_robotics_club_iitk-main/install/two_wheel_drive/share/two_wheel_drive/models/autonav_mesh/model.sdf
[0.122s] -- Up-to-date: /home/ronit/ros2_ws/IGVC_robotics_club_iitk-main/install/two_wheel_drive/share/two_wheel_drive/models/barrels_low
[0.122s] -- Up-to-date: /home/ronit/ros2_ws/IGVC_robotics_club_iitk-main/install/two_wheel_drive/share/two_wheel_drive/models/barrels_low/meshes
[0.122s] -- Up-to-date: /home/ronit/ros2_ws/IGVC_robotics_club_iitk-main/install/two_wheel_drive/share/two_wheel_drive/models/barrels_low/meshes/Barrel.png
[0.122s] -- Up-to-date: /home/ronit/ros2_ws/IGVC_robotics_club_iitk-main/install/two_wheel_drive/share/two_wheel_drive/models/barrels_low/meshes/barrel.dae
[0.122s] -- Up-to-date: /home/ronit/ros2_ws/IGVC_robotics_club_iitk-main/install/two_wheel_drive/share/two_wheel_drive/models/barrels_low/model.config
[0.122s] -- Up-to-date: /home/ronit/ros2_ws/IGVC_robotics_club_iitk-main/install/two_wheel_drive/share/two_wheel_drive/models/barrels_low/model.sdf
[0.122s] -- Up-to-date: /home/ronit/ros2_ws/IGVC_robotics_club_iitk-main/install/two_wheel_drive/share/two_wheel_drive/models/ramp_lane
[0.123s] -- Up-to-date: /home/ronit/ros2_ws/IGVC_robotics_club_iitk-main/install/two_wheel_drive/share/two_wheel_drive/models/ramp_lane/model.config
[0.123s] -- Up-to-date: /home/ronit/ros2_ws/IGVC_robotics_club_iitk-main/install/two_wheel_drive/share/two_wheel_drive/models/ramp_lane/model.sdf
[0.123s] -- Up-to-date: /home/ronit/ros2_ws/IGVC_robotics_club_iitk-main/install/two_wheel_drive/share/two_wheel_drive/textures
[0.123s] -- Up-to-date: /home/ronit/ros2_ws/IGVC_robotics_club_iitk-main/install/two_wheel_drive/share/two_wheel_drive/textures/autonav_course.png
[0.123s] -- Up-to-date: /home/ronit/ros2_ws/IGVC_robotics_club_iitk-main/install/two_wheel_drive/share/two_wheel_drive/textures/qualification_course.png
[0.123s] -- Up-to-date: /home/ronit/ros2_ws/IGVC_robotics_club_iitk-main/install/two_wheel_drive/share/two_wheel_drive/textures/ground_grass_texture.jpg
[0.123s] -- Up-to-date: /home/ronit/ros2_ws/IGVC_robotics_club_iitk-main/install/two_wheel_drive/share/two_wheel_drive/worlds
[0.123s] -- Up-to-date: /home/ronit/ros2_ws/IGVC_robotics_club_iitk-main/install/two_wheel_drive/share/two_wheel_drive/worlds/qualification.world
[0.123s] -- Up-to-date: /home/ronit/ros2_ws/IGVC_robotics_club_iitk-main/install/two_wheel_drive/share/two_wheel_drive/worlds/qual_low.world
[0.123s] -- Up-to-date: /home/ronit/ros2_ws/IGVC_robotics_club_iitk-main/install/two_wheel_drive/share/two_wheel_drive/worlds/autonav_mesh.world
[0.123s] -- Up-to-date: /home/ronit/ros2_ws/IGVC_robotics_club_iitk-main/install/two_wheel_drive/share/two_wheel_drive/worlds/ramp_lane.world
[0.123s] -- Up-to-date: /home/ronit/ros2_ws/IGVC_robotics_club_iitk-main/install/two_wheel_drive/share/two_wheel_drive/worlds/autonav_low.world
[0.123s] -- Up-to-date: /home/ronit/ros2_ws/IGVC_robotics_club_iitk-main/install/two_wheel_drive/share/two_wheel_drive/worlds/autonav.world
[0.123s] -- Up-to-date: /home/ronit/ros2_ws/IGVC_robotics_club_iitk-main/install/two_wheel_drive/share/two_wheel_drive/test
[0.123s] -- Up-to-date: /home/ronit/ros2_ws/IGVC_robotics_club_iitk-main/install/two_wheel_drive/share/two_wheel_drive/test/simple.world
[0.123s] -- Up-to-date: /home/ronit/ros2_ws/IGVC_robotics_club_iitk-main/install/two_wheel_drive/share/ament_index/resource_index/package_run_dependencies/two_wheel_drive
[0.123s] -- Up-to-date: /home/ronit/ros2_ws/IGVC_robotics_club_iitk-main/install/two_wheel_drive/share/ament_index/resource_index/parent_prefix_path/two_wheel_drive
[0.123s] -- Up-to-date: /home/ronit/ros2_ws/IGVC_robotics_club_iitk-main/install/two_wheel_drive/share/two_wheel_drive/environment/ament_prefix_path.sh
[0.123s] -- Up-to-date: /home/ronit/ros2_ws/IGVC_robotics_club_iitk-main/install/two_wheel_drive/share/two_wheel_drive/environment/ament_prefix_path.dsv
[0.124s] -- Up-to-date: /home/ronit/ros2_ws/IGVC_robotics_club_iitk-main/install/two_wheel_drive/share/two_wheel_drive/environment/path.sh
[0.124s] -- Up-to-date: /home/ronit/ros2_ws/IGVC_robotics_club_iitk-main/install/two_wheel_drive/share/two_wheel_drive/environment/path.dsv
[0.124s] -- Up-to-date: /home/ronit/ros2_ws/IGVC_robotics_club_iitk-main/install/two_wheel_drive/share/two_wheel_drive/local_setup.bash
[0.124s] -- Up-to-date: /home/ronit/ros2_ws/IGVC_robotics_club_iitk-main/install/two_wheel_drive/share/two_wheel_drive/local_setup.sh
[0.124s] -- Up-to-date: /home/ronit/ros2_ws/IGVC_robotics_club_iitk-main/install/two_wheel_drive/share/two_wheel_drive/local_setup.zsh
[0.124s] -- Up-to-date: /home/ronit/ros2_ws/IGVC_robotics_club_iitk-main/install/two_wheel_drive/share/two_wheel_drive/local_setup.dsv
[0.124s] -- Installing: /home/ronit/ros2_ws/IGVC_robotics_club_iitk-main/install/two_wheel_drive/share/two_wheel_drive/package.dsv
[0.124s] -- Up-to-date: /home/ronit/ros2_ws/IGVC_robotics_club_iitk-main/install/two_wheel_drive/share/ament_index/resource_index/packages/two_wheel_drive
[0.124s] -- Up-to-date: /home/ronit/ros2_ws/IGVC_robotics_club_iitk-main/install/two_wheel_drive/share/two_wheel_drive/cmake/two_wheel_driveConfig.cmake
[0.124s] -- Up-to-date: /home/ronit/ros2_ws/IGVC_robotics_club_iitk-main/install/two_wheel_drive/share/two_wheel_drive/cmake/two_wheel_driveConfig-version.cmake
[0.124s] -- Up-to-date: /home/ronit/ros2_ws/IGVC_robotics_club_iitk-main/install/two_wheel_drive/share/two_wheel_drive/package.xml
[0.126s] Invoked command in '/home/ronit/ros2_ws/IGVC_robotics_club_iitk-main/build/two_wheel_drive' returned '0': CMAKE_PREFIX_PATH=/opt/ros/foxy /usr/bin/cmake --install /home/ronit/ros2_ws/IGVC_robotics_club_iitk-main/build/two_wheel_drive
