[0.007s] Invoking command in '/home/ronit/ros2_ws/IGVC_robotics_club_iitk-main/build/two_wheel_drive': CMAKE_PREFIX_PATH=${CMAKE_PREFIX_PATH}:/opt/ros/foxy /usr/bin/cmake /home/ronit/ros2_ws/IGVC_robotics_club_iitk-main/src/two_wheel_drive -DCMAKE_INSTALL_PREFIX=/home/ronit/ros2_ws/IGVC_robotics_club_iitk-main/install/two_wheel_drive
[0.057s] -- The C compiler identification is GNU 9.4.0
[0.092s] -- The CXX compiler identification is GNU 9.4.0
[0.095s] -- Check for working C compiler: /usr/bin/cc
[0.140s] -- Check for working C compiler: /usr/bin/cc -- works
[0.141s] -- Detecting C compiler ABI info
[0.178s] -- Detecting C compiler ABI info - done
[0.186s] -- Detecting C compile features
[0.187s] -- Detecting C compile features - done
[0.188s] -- Check for working CXX compiler: /usr/bin/c++
[0.230s] -- Check for working CXX compiler: /usr/bin/c++ -- works
[0.230s] -- Detecting CXX compiler ABI info
[0.273s] -- Detecting CXX compiler ABI info - done
[0.280s] -- Detecting CXX compile features
[0.281s] -- Detecting CXX compile features - done
[0.282s] -- Found ament_cmake: 0.9.12 (/opt/ros/foxy/share/ament_cmake/cmake)
[0.295s] -- Found PythonInterp: /usr/bin/python3 (found suitable version "3.8.10", minimum required is "3") 
[0.295s] -- Using PYTHON_EXECUTABLE: /usr/bin/python3
[0.389s] -- Found rclcpp: 2.4.3 (/opt/ros/foxy/share/rclcpp/cmake)
[0.418s] -- Using all available rosidl_typesupport_c: rosidl_typesupport_fastrtps_c;rosidl_typesupport_introspection_c
[0.422s] -- Found rosidl_adapter: 1.3.1 (/opt/ros/foxy/share/rosidl_adapter/cmake)
[0.466s] -- Found OpenSSL: /usr/lib/aarch64-linux-gnu/libcrypto.so (found version "1.1.1f")  
[0.487s] -- Found FastRTPS: /opt/ros/foxy/include  
[0.537s] -- Using all available rosidl_typesupport_cpp: rosidl_typesupport_fastrtps_cpp;rosidl_typesupport_introspection_cpp
[0.573s] -- Found rmw_implementation_cmake: 1.0.4 (/opt/ros/foxy/share/rmw_implementation_cmake/cmake)
[0.573s] -- Using RMW implementation 'rmw_fastrtps_cpp' as default
[0.574s] -- Looking for pthread.h
[0.613s] -- Looking for pthread.h - found
[0.614s] -- Performing Test CMAKE_HAVE_LIBC_PTHREAD
[0.653s] -- Performing Test CMAKE_HAVE_LIBC_PTHREAD - Failed
[0.653s] -- Looking for pthread_create in pthreads
[0.686s] -- Looking for pthread_create in pthreads - not found
[0.686s] -- Looking for pthread_create in pthread
[0.723s] -- Looking for pthread_create in pthread - found
[0.723s] -- Found Threads: TRUE  
[0.826s] -- Found geometry_msgs: 2.0.5 (/opt/ros/foxy/share/geometry_msgs/cmake)
[0.850s] -- Found sensor_msgs: 2.0.5 (/opt/ros/foxy/share/sensor_msgs/cmake)
[0.901s] -- Found gazebo_ros: 3.5.3 (/opt/ros/foxy/share/gazebo_ros/cmake)
[0.907s] -- Found PkgConfig: /usr/bin/pkg-config (found version "0.29.1") 
[0.908s] -- Checking for module 'bullet>=2.82'
[0.915s] --   Found bullet, version 2.88
[0.978s] -- Found ccd: /usr/include (found suitable version "2.0", minimum required is "2.0") 
[1.006s] -- Found fcl: /usr/include (found suitable version "0.5.0", minimum required is "0.3.2") 
[1.034s] -- Found assimp: /usr/include (found version "5.0.0") 
[1.049s] -- Found DART: /usr/include (Required is at least version "6.6") found components: dart 
[1.067s] -- Found Boost: /usr/lib/aarch64-linux-gnu/cmake/Boost-1.71.0/BoostConfig.cmake (found suitable version "1.71.0", minimum required is "1.40.0") found components: thread system filesystem program_options regex iostreams date_time 
[1.079s] -- Found Protobuf: /usr/lib/aarch64-linux-gnu/libprotobuf.so;-lpthread (found version "3.6.1") 
[1.081s] -- Looking for ignition-math6 -- found version 6.15.1
[1.085s] -- Searching for dependencies of ignition-math6
[1.087s] -- Looking for OGRE...
[1.087s] -- OGRE_PREFIX_WATCH changed.
[1.090s] -- Checking for module 'OGRE'
[1.097s] --   Found OGRE, version 1.9.0
[1.115s] -- Found Ogre Ghadamon (1.9.0)
[1.121s] -- Found OGRE: optimized;/usr/lib/aarch64-linux-gnu/libOgreMain.so;debug;/usr/lib/aarch64-linux-gnu/libOgreMain.so
[1.128s] -- Looking for OGRE_Paging...
[1.132s] -- Found OGRE_Paging: optimized;/usr/lib/aarch64-linux-gnu/libOgrePaging.so;debug;/usr/lib/aarch64-linux-gnu/libOgrePaging.so
[1.133s] -- Looking for OGRE_Terrain...
[1.138s] -- Found OGRE_Terrain: optimized;/usr/lib/aarch64-linux-gnu/libOgreTerrain.so;debug;/usr/lib/aarch64-linux-gnu/libOgreTerrain.so
[1.138s] -- Looking for OGRE_Property...
[1.142s] -- Found OGRE_Property: optimized;/usr/lib/aarch64-linux-gnu/libOgreProperty.so;debug;/usr/lib/aarch64-linux-gnu/libOgreProperty.so
[1.142s] -- Looking for OGRE_RTShaderSystem...
[1.147s] -- Found OGRE_RTShaderSystem: optimized;/usr/lib/aarch64-linux-gnu/libOgreRTShaderSystem.so;debug;/usr/lib/aarch64-linux-gnu/libOgreRTShaderSystem.so
[1.147s] -- Looking for OGRE_Volume...
[1.151s] -- Found OGRE_Volume: optimized;/usr/lib/aarch64-linux-gnu/libOgreVolume.so;debug;/usr/lib/aarch64-linux-gnu/libOgreVolume.so
[1.151s] -- Looking for OGRE_Overlay...
[1.156s] -- Found OGRE_Overlay: optimized;/usr/lib/aarch64-linux-gnu/libOgreOverlay.so;debug;/usr/lib/aarch64-linux-gnu/libOgreOverlay.so
[1.240s] -- Looking for ignition-math6 -- found version 6.15.1
[1.241s] -- Looking for ignition-transport8 -- found version 8.3.0
[1.241s] -- Searching for dependencies of ignition-transport8
[1.254s] -- Found Protobuf: /usr/lib/aarch64-linux-gnu/libprotobuf.so;-lpthread (found suitable version "3.6.1", minimum required is "3") 
[1.263s] -- Config-file not installed for ZeroMQ -- checking for pkg-config
[1.265s] -- Checking for module 'libzmq >= 4'
[1.273s] --   Found libzmq , version 4.3.2
[1.292s] -- Found ZeroMQ: TRUE (Required is at least version "4") 
[1.296s] -- Checking for module 'uuid'
[1.303s] --   Found uuid, version 2.34.0
[1.322s] -- Found UUID: TRUE  
[1.323s] -- Looking for ignition-msgs5 -- found version 5.10.0
[1.323s] -- Searching for dependencies of ignition-msgs5
[1.337s] -- Looking for ignition-math6 -- found version 6.15.1
[1.340s] -- Checking for module 'tinyxml2'
[1.348s] --   Found tinyxml2, version 6.2.0
[1.368s] -- Looking for ignition-msgs5 -- found version 5.10.0
[1.369s] -- Looking for ignition-common3 -- found version 3.14.2
[1.369s] -- Searching for dependencies of ignition-common3
[1.369s] -- Looking for dlfcn.h - found
[1.370s] -- Looking for libdl - found
[1.371s] -- Found DL: TRUE  
[1.375s] -- Searching for <ignition-common3> component [graphics]
[1.376s] -- Looking for ignition-common3-graphics -- found version 3.14.2
[1.377s] -- Searching for dependencies of ignition-common3-graphics
[1.377s] -- Looking for ignition-math6 -- found version 6.15.1
[1.378s] -- Looking for ignition-fuel_tools4 -- found version 4.6.0
[1.379s] -- Searching for dependencies of ignition-fuel_tools4
[1.416s] -- Found CURL: /usr/lib/aarch64-linux-gnu/libcurl.so (found version "7.68.0")  
[1.421s] -- Checking for module 'jsoncpp'
[1.428s] --   Found jsoncpp, version 1.7.4
[1.448s] -- Found JSONCPP: TRUE  
[1.451s] -- Checking for module 'libzip'
[1.458s] --   Found libzip, version 1.5.1
[1.477s] -- Found ZIP: TRUE  
[1.478s] -- Looking for ignition-common3 -- found version 3.14.2
[1.478s] -- Looking for ignition-math6 -- found version 6.15.1
[1.478s] -- Looking for ignition-msgs5 -- found version 5.10.0
[1.479s] -- Gazebo version: 11.11
[1.483s] -- Found robot_state_publisher: 2.4.5 (/opt/ros/foxy/share/robot_state_publisher/cmake)
[1.485s] -- Found eigen3_cmake_module: 0.1.1 (/opt/ros/foxy/share/eigen3_cmake_module/cmake)
[1.486s] -- Found Eigen3: TRUE (found version "3.3.7") 
[1.766s] -- Found ament_lint_auto: 0.9.8 (/opt/ros/foxy/share/ament_lint_auto/cmake)
[1.805s] -- Added test 'copyright' to check source files copyright and LICENSE
[1.806s] -- Added test 'flake8' to check Python code syntax and style conventions
[1.806s] -- Added test 'lint_cmake' to check CMake code style
[1.807s] -- Added test 'pep257' to check Python code against some of the style conventions in PEP 257
[1.807s] -- Added test 'xmllint' to check XML markup files
[1.810s] -- Configuring done
[1.812s] -- Generating done
[1.814s] -- Build files have been written to: /home/ronit/ros2_ws/IGVC_robotics_club_iitk-main/build/two_wheel_drive
[1.820s] Invoked command in '/home/ronit/ros2_ws/IGVC_robotics_club_iitk-main/build/two_wheel_drive' returned '0': CMAKE_PREFIX_PATH=${CMAKE_PREFIX_PATH}:/opt/ros/foxy /usr/bin/cmake /home/ronit/ros2_ws/IGVC_robotics_club_iitk-main/src/two_wheel_drive -DCMAKE_INSTALL_PREFIX=/home/ronit/ros2_ws/IGVC_robotics_club_iitk-main/install/two_wheel_drive
[1.822s] Invoking command in '/home/ronit/ros2_ws/IGVC_robotics_club_iitk-main/build/two_wheel_drive': CMAKE_PREFIX_PATH=${CMAKE_PREFIX_PATH}:/opt/ros/foxy /usr/bin/cmake --build /home/ronit/ros2_ws/IGVC_robotics_club_iitk-main/build/two_wheel_drive -- -j4 -l4
[1.846s] Invoked command in '/home/ronit/ros2_ws/IGVC_robotics_club_iitk-main/build/two_wheel_drive' returned '0': CMAKE_PREFIX_PATH=${CMAKE_PREFIX_PATH}:/opt/ros/foxy /usr/bin/cmake --build /home/ronit/ros2_ws/IGVC_robotics_club_iitk-main/build/two_wheel_drive -- -j4 -l4
[1.852s] Invoking command in '/home/ronit/ros2_ws/IGVC_robotics_club_iitk-main/build/two_wheel_drive': CMAKE_PREFIX_PATH=${CMAKE_PREFIX_PATH}:/opt/ros/foxy /usr/bin/cmake --install /home/ronit/ros2_ws/IGVC_robotics_club_iitk-main/build/two_wheel_drive
[1.856s] -- Install configuration: ""
[1.856s] -- Up-to-date: /home/ronit/ros2_ws/IGVC_robotics_club_iitk-main/install/two_wheel_drive/share/two_wheel_drive/launch
[1.856s] -- Up-to-date: /home/ronit/ros2_ws/IGVC_robotics_club_iitk-main/install/two_wheel_drive/share/two_wheel_drive/launch/robot.launch.py
[1.856s] -- Up-to-date: /home/ronit/ros2_ws/IGVC_robotics_club_iitk-main/install/two_wheel_drive/share/two_wheel_drive/launch/.vscode
[1.856s] -- Up-to-date: /home/ronit/ros2_ws/IGVC_robotics_club_iitk-main/install/two_wheel_drive/share/two_wheel_drive/launch/.vscode/settings.json
[1.856s] -- Up-to-date: /home/ronit/ros2_ws/IGVC_robotics_club_iitk-main/install/two_wheel_drive/share/two_wheel_drive/launch/.vscode/c_cpp_properties.json
[1.856s] -- Up-to-date: /home/ronit/ros2_ws/IGVC_robotics_club_iitk-main/install/two_wheel_drive/share/two_wheel_drive/urdf
[1.856s] -- Installing: /home/ronit/ros2_ws/IGVC_robotics_club_iitk-main/install/two_wheel_drive/share/two_wheel_drive/urdf/robot.urdf
[1.856s] -- Installing: /home/ronit/ros2_ws/IGVC_robotics_club_iitk-main/install/two_wheel_drive/share/ament_index/resource_index/package_run_dependencies/two_wheel_drive
[1.857s] -- Installing: /home/ronit/ros2_ws/IGVC_robotics_club_iitk-main/install/two_wheel_drive/share/ament_index/resource_index/parent_prefix_path/two_wheel_drive
[1.857s] -- Up-to-date: /home/ronit/ros2_ws/IGVC_robotics_club_iitk-main/install/two_wheel_drive/share/two_wheel_drive/environment/ament_prefix_path.sh
[1.857s] -- Installing: /home/ronit/ros2_ws/IGVC_robotics_club_iitk-main/install/two_wheel_drive/share/two_wheel_drive/environment/ament_prefix_path.dsv
[1.857s] -- Up-to-date: /home/ronit/ros2_ws/IGVC_robotics_club_iitk-main/install/two_wheel_drive/share/two_wheel_drive/environment/path.sh
[1.857s] -- Installing: /home/ronit/ros2_ws/IGVC_robotics_club_iitk-main/install/two_wheel_drive/share/two_wheel_drive/environment/path.dsv
[1.857s] -- Installing: /home/ronit/ros2_ws/IGVC_robotics_club_iitk-main/install/two_wheel_drive/share/two_wheel_drive/local_setup.bash
[1.857s] -- Installing: /home/ronit/ros2_ws/IGVC_robotics_club_iitk-main/install/two_wheel_drive/share/two_wheel_drive/local_setup.sh
[1.857s] -- Installing: /home/ronit/ros2_ws/IGVC_robotics_club_iitk-main/install/two_wheel_drive/share/two_wheel_drive/local_setup.zsh
[1.857s] -- Installing: /home/ronit/ros2_ws/IGVC_robotics_club_iitk-main/install/two_wheel_drive/share/two_wheel_drive/local_setup.dsv
[1.857s] -- Installing: /home/ronit/ros2_ws/IGVC_robotics_club_iitk-main/install/two_wheel_drive/share/two_wheel_drive/package.dsv
[1.857s] -- Installing: /home/ronit/ros2_ws/IGVC_robotics_club_iitk-main/install/two_wheel_drive/share/ament_index/resource_index/packages/two_wheel_drive
[1.857s] -- Installing: /home/ronit/ros2_ws/IGVC_robotics_club_iitk-main/install/two_wheel_drive/share/two_wheel_drive/cmake/two_wheel_driveConfig.cmake
[1.858s] -- Installing: /home/ronit/ros2_ws/IGVC_robotics_club_iitk-main/install/two_wheel_drive/share/two_wheel_drive/cmake/two_wheel_driveConfig-version.cmake
[1.858s] -- Up-to-date: /home/ronit/ros2_ws/IGVC_robotics_club_iitk-main/install/two_wheel_drive/share/two_wheel_drive/package.xml
[1.859s] Invoked command in '/home/ronit/ros2_ws/IGVC_robotics_club_iitk-main/build/two_wheel_drive' returned '0': CMAKE_PREFIX_PATH=${CMAKE_PREFIX_PATH}:/opt/ros/foxy /usr/bin/cmake --install /home/ronit/ros2_ws/IGVC_robotics_club_iitk-main/build/two_wheel_drive
